[2020-04-14 18:03:29:437] [INFO ] [method:org.springframework.web.socket.config.WebSocketMessageBrokerStats.lambda$initLoggingTask$0(WebSocketMessageBrokerStats.java:126)]
WebSocketSession[1 current WS(1)-HttpStream(0)-HttpPoll(0), 1 total, 0 closed abnormally (0 connect failure, 0 send limit, 0 transport error)], stompSubProtocol[processed CONNECT(1)-CONNECTED(1)-DISCONNECT(0)], stompBrokerRelay[null], inboundChannel[pool size = 8, active threads = 0, queued tasks = 0, completed tasks = 21], outboundChannel[pool size = 1, active threads = 0, queued tasks = 0, completed tasks = 1], sockJsScheduler[pool size = 4, active threads = 1, queued tasks = 2, completed tasks = 11]

[2020-04-14 18:03:36:737] [INFO ] [method:com.zx.web.WebSocketDisconnectHandler.onApplicationEvent(WebSocketDisconnectHandler.java:64)]
Tue Apr 14 18:03:36 HKT 2020, 123456 logout.

[2020-04-14 18:03:36:995] [INFO ] [method:org.springframework.core.log.CompositeLog.info(CompositeLog.java:137)]
Stopping...

[2020-04-14 18:03:36:996] [INFO ] [method:org.springframework.core.log.CompositeLog.info(CompositeLog.java:137)]
BrokerAvailabilityEvent[available=false, SimpleBrokerMessageHandler [DefaultSubscriptionRegistry[cache[0 destination(s)], registry[0 sessions]]]]

[2020-04-14 18:03:36:997] [INFO ] [method:org.springframework.core.log.CompositeLog.info(CompositeLog.java:137)]
Stopped.

[2020-04-14 18:03:36:998] [INFO ] [method:org.springframework.scheduling.concurrent.ExecutorConfigurationSupport.shutdown(ExecutorConfigurationSupport.java:208)]
Shutting down ExecutorService 'brokerChannelExecutor'

[2020-04-14 18:03:36:998] [INFO ] [method:org.springframework.scheduling.concurrent.ExecutorConfigurationSupport.shutdown(ExecutorConfigurationSupport.java:208)]
Shutting down ExecutorService 'messageBrokerTaskScheduler'

[2020-04-14 18:03:36:999] [INFO ] [method:org.springframework.scheduling.concurrent.ExecutorConfigurationSupport.shutdown(ExecutorConfigurationSupport.java:208)]
Shutting down ExecutorService 'clientOutboundChannelExecutor'

[2020-04-14 18:03:37:000] [INFO ] [method:org.springframework.scheduling.concurrent.ExecutorConfigurationSupport.shutdown(ExecutorConfigurationSupport.java:208)]
Shutting down ExecutorService 'clientInboundChannelExecutor'

[2020-04-14 18:03:37:001] [INFO ] [method:com.alibaba.druid.pool.DruidDataSource.close(DruidDataSource.java:2003)]
{dataSource-1} closing ...

[2020-04-14 18:03:37:026] [INFO ] [method:com.alibaba.druid.pool.DruidDataSource.close(DruidDataSource.java:2075)]
{dataSource-1} closed

