[2020-05-08 12:53:20:743] [INFO ] [method:org.springframework.web.context.ContextLoader.initWebApplicationContext(ContextLoader.java:271)]
Root WebApplicationContext: initialization started

[2020-05-08 12:53:22:823] [INFO ] [method:org.springframework.context.support.PostProcessorRegistrationDelegate$BeanPostProcessorChecker.postProcessAfterInitialization(PostProcessorRegistrationDelegate.java:330)]
Bean 'org.springframework.aop.support.DefaultBeanFactoryPointcutAdvisor#0' of type [org.springframework.aop.support.DefaultBeanFactoryPointcutAdvisor] is not eligible for getting processed by all BeanPostProcessors (for example: not eligible for auto-proxying)

[2020-05-08 12:53:23:264] [INFO ] [method:org.springframework.context.support.PostProcessorRegistrationDelegate$BeanPostProcessorChecker.postProcessAfterInitialization(PostProcessorRegistrationDelegate.java:330)]
Bean 'cacheManager' of type [org.apache.shiro.cache.ehcache.EhCacheManager] is not eligible for getting processed by all BeanPostProcessors (for example: not eligible for auto-proxying)

[2020-05-08 12:53:23:906] [INFO ] [method:org.springframework.context.support.PostProcessorRegistrationDelegate$BeanPostProcessorChecker.postProcessAfterInitialization(PostProcessorRegistrationDelegate.java:330)]
Bean 'comboPooledDataSource' of type [com.alibaba.druid.pool.DruidDataSource] is not eligible for getting processed by all BeanPostProcessors (for example: not eligible for auto-proxying)

[2020-05-08 12:53:25:243] [INFO ] [method:org.springframework.context.support.PostProcessorRegistrationDelegate$BeanPostProcessorChecker.postProcessAfterInitialization(PostProcessorRegistrationDelegate.java:330)]
Bean 'sqlSessionFactory' of type [org.mybatis.spring.SqlSessionFactoryBean] is not eligible for getting processed by all BeanPostProcessors (for example: not eligible for auto-proxying)

[2020-05-08 12:53:25:248] [INFO ] [method:org.springframework.context.support.PostProcessorRegistrationDelegate$BeanPostProcessorChecker.postProcessAfterInitialization(PostProcessorRegistrationDelegate.java:330)]
Bean 'sqlSessionFactory' of type [org.apache.ibatis.session.defaults.DefaultSqlSessionFactory] is not eligible for getting processed by all BeanPostProcessors (for example: not eligible for auto-proxying)

[2020-05-08 12:53:25:273] [INFO ] [method:org.springframework.context.support.PostProcessorRegistrationDelegate$BeanPostProcessorChecker.postProcessAfterInitialization(PostProcessorRegistrationDelegate.java:330)]
Bean 'sessionTemplate' of type [org.mybatis.spring.SqlSessionTemplate] is not eligible for getting processed by all BeanPostProcessors (for example: not eligible for auto-proxying)

[2020-05-08 12:53:25:279] [INFO ] [method:org.springframework.context.support.PostProcessorRegistrationDelegate$BeanPostProcessorChecker.postProcessAfterInitialization(PostProcessorRegistrationDelegate.java:330)]
Bean 'userMapper' of type [org.mybatis.spring.mapper.MapperFactoryBean] is not eligible for getting processed by all BeanPostProcessors (for example: not eligible for auto-proxying)

[2020-05-08 12:53:25:284] [INFO ] [method:org.springframework.context.support.PostProcessorRegistrationDelegate$BeanPostProcessorChecker.postProcessAfterInitialization(PostProcessorRegistrationDelegate.java:330)]
Bean 'userMapper' of type [com.sun.proxy.$Proxy21] is not eligible for getting processed by all BeanPostProcessors (for example: not eligible for auto-proxying)

[2020-05-08 12:53:25:287] [INFO ] [method:org.springframework.context.support.PostProcessorRegistrationDelegate$BeanPostProcessorChecker.postProcessAfterInitialization(PostProcessorRegistrationDelegate.java:330)]
Bean 'userService' of type [com.zx.service.UserService] is not eligible for getting processed by all BeanPostProcessors (for example: not eligible for auto-proxying)

[2020-05-08 12:53:25:351] [INFO ] [method:org.springframework.context.support.PostProcessorRegistrationDelegate$BeanPostProcessorChecker.postProcessAfterInitialization(PostProcessorRegistrationDelegate.java:330)]
Bean 'dataSourceTransactionManager' of type [org.springframework.jdbc.datasource.DataSourceTransactionManager] is not eligible for getting processed by all BeanPostProcessors (for example: not eligible for auto-proxying)

[2020-05-08 12:53:25:490] [INFO ] [method:org.springframework.context.support.PostProcessorRegistrationDelegate$BeanPostProcessorChecker.postProcessAfterInitialization(PostProcessorRegistrationDelegate.java:330)]
Bean '(inner bean)#22b68927' of type [org.springframework.transaction.interceptor.NameMatchTransactionAttributeSource] is not eligible for getting processed by all BeanPostProcessors (for example: not eligible for auto-proxying)

[2020-05-08 12:53:25:493] [INFO ] [method:org.springframework.context.support.PostProcessorRegistrationDelegate$BeanPostProcessorChecker.postProcessAfterInitialization(PostProcessorRegistrationDelegate.java:330)]
Bean 'txAdvice' of type [org.springframework.transaction.interceptor.TransactionInterceptor] is not eligible for getting processed by all BeanPostProcessors (for example: not eligible for auto-proxying)

[2020-05-08 12:53:25:621] [INFO ] [method:org.springframework.context.support.PostProcessorRegistrationDelegate$BeanPostProcessorChecker.postProcessAfterInitialization(PostProcessorRegistrationDelegate.java:330)]
Bean 'org.apache.shiro.authc.credential.HashedCredentialsMatcher#493f84ce' of type [org.apache.shiro.authc.credential.HashedCredentialsMatcher] is not eligible for getting processed by all BeanPostProcessors (for example: not eligible for auto-proxying)

[2020-05-08 12:53:25:662] [INFO ] [method:org.springframework.context.support.PostProcessorRegistrationDelegate$BeanPostProcessorChecker.postProcessAfterInitialization(PostProcessorRegistrationDelegate.java:330)]
Bean 'jdbcRealm' of type [com.zx.shiro.ShiroRealm] is not eligible for getting processed by all BeanPostProcessors (for example: not eligible for auto-proxying)

[2020-05-08 12:53:25:675] [INFO ] [method:org.apache.shiro.cache.ehcache.EhCacheManager.getCache(EhCacheManager.java:158)]
Cache with name 'com.zx.shiro.ShiroRealm.authorizationCache' does not yet exist.  Creating now.

[2020-05-08 12:53:25:793] [INFO ] [method:org.apache.shiro.cache.ehcache.EhCacheManager.getCache(EhCacheManager.java:165)]
Added EhCache named [com.zx.shiro.ShiroRealm.authorizationCache]

[2020-05-08 12:53:25:795] [INFO ] [method:org.springframework.context.support.PostProcessorRegistrationDelegate$BeanPostProcessorChecker.postProcessAfterInitialization(PostProcessorRegistrationDelegate.java:330)]
Bean 'securityManager' of type [org.apache.shiro.web.mgt.DefaultWebSecurityManager] is not eligible for getting processed by all BeanPostProcessors (for example: not eligible for auto-proxying)

[2020-05-08 12:53:25:845] [INFO ] [method:org.springframework.context.support.PostProcessorRegistrationDelegate$BeanPostProcessorChecker.postProcessAfterInitialization(PostProcessorRegistrationDelegate.java:330)]
Bean 'org.apache.shiro.spring.security.interceptor.AuthorizationAttributeSourceAdvisor#0' of type [org.apache.shiro.spring.security.interceptor.AuthorizationAttributeSourceAdvisor] is not eligible for getting processed by all BeanPostProcessors (for example: not eligible for auto-proxying)

[2020-05-08 12:53:26:281] [INFO ] [method:org.springframework.scheduling.concurrent.ExecutorConfigurationSupport.initialize(ExecutorConfigurationSupport.java:171)]
Initializing ExecutorService 'defaultSockJsTaskScheduler'

[2020-05-08 12:53:27:374] [INFO ] [method:org.springframework.web.context.ContextLoader.initWebApplicationContext(ContextLoader.java:307)]
Root WebApplicationContext initialized in 6623 ms

[2020-05-08 12:53:27:729] [INFO ] [method:org.springframework.web.servlet.FrameworkServlet.initServletBean(FrameworkServlet.java:525)]
Initializing Servlet 'springMVC'

[2020-05-08 12:53:28:925] [INFO ] [method:org.hibernate.validator.internal.util.Version.<clinit>(Version.java:21)]
HV000001: Hibernate Validator 6.1.2.Final

[2020-05-08 12:53:30:610] [INFO ] [method:org.springframework.web.servlet.FrameworkServlet.initServletBean(FrameworkServlet.java:547)]
Completed initialization in 2881 ms

