[2020-04-18 17:55:57:736] [INFO ] [method:org.springframework.scheduling.concurrent.ExecutorConfigurationSupport.shutdown(ExecutorConfigurationSupport.java:208)]
Shutting down ExecutorService 'defaultSockJsTaskScheduler'

[2020-04-18 17:55:57:741] [INFO ] [method:com.alibaba.druid.pool.DruidDataSource.close(DruidDataSource.java:2003)]
{dataSource-1} closing ...

[2020-04-18 17:55:57:759] [INFO ] [method:com.alibaba.druid.pool.DruidDataSource.close(DruidDataSource.java:2075)]
{dataSource-1} closed

[2020-04-18 17:56:02:587] [INFO ] [method:org.springframework.web.context.ContextLoader.initWebApplicationContext(ContextLoader.java:271)]
Root WebApplicationContext: initialization started

[2020-04-18 17:56:05:447] [INFO ] [method:org.springframework.scheduling.concurrent.ExecutorConfigurationSupport.initialize(ExecutorConfigurationSupport.java:171)]
Initializing ExecutorService 'defaultSockJsTaskScheduler'

[2020-04-18 17:56:05:966] [INFO ] [method:org.springframework.web.context.ContextLoader.initWebApplicationContext(ContextLoader.java:307)]
Root WebApplicationContext initialized in 3376 ms

[2020-04-18 17:56:06:082] [INFO ] [method:org.springframework.web.servlet.FrameworkServlet.initServletBean(FrameworkServlet.java:525)]
Initializing Servlet 'springMVC'

[2020-04-18 17:56:06:669] [INFO ] [method:org.hibernate.validator.internal.util.Version.<clinit>(Version.java:21)]
HV000001: Hibernate Validator 6.1.2.Final

[2020-04-18 17:56:07:679] [INFO ] [method:org.springframework.web.servlet.FrameworkServlet.initServletBean(FrameworkServlet.java:547)]
Completed initialization in 1597 ms

[2020-04-18 17:56:26:117] [INFO ] [method:com.alibaba.druid.pool.DruidDataSource.init(DruidDataSource.java:1010)]
{dataSource-1} inited

[2020-04-18 17:56:37:890] [WARN ] [method:org.springframework.web.servlet.handler.AbstractHandlerExceptionResolver.logException(AbstractHandlerExceptionResolver.java:199)]
Resolved [org.springframework.web.bind.MissingServletRequestParameterException: Required Integer parameter 'loginUserId' is not present]

[2020-04-18 17:57:10:842] [WARN ] [method:org.springframework.web.servlet.handler.AbstractHandlerExceptionResolver.logException(AbstractHandlerExceptionResolver.java:199)]
Resolved [org.springframework.web.bind.MissingServletRequestParameterException: Required Integer parameter 'loginUserId' is not present]

[2020-04-18 17:57:29:100] [INFO ] [method:org.springframework.scheduling.concurrent.ExecutorConfigurationSupport.shutdown(ExecutorConfigurationSupport.java:208)]
Shutting down ExecutorService 'defaultSockJsTaskScheduler'

[2020-04-18 17:57:29:101] [INFO ] [method:com.alibaba.druid.pool.DruidDataSource.close(DruidDataSource.java:2003)]
{dataSource-1} closing ...

[2020-04-18 17:57:29:115] [INFO ] [method:com.alibaba.druid.pool.DruidDataSource.close(DruidDataSource.java:2075)]
{dataSource-1} closed

[2020-04-18 17:57:34:989] [INFO ] [method:org.springframework.web.context.ContextLoader.initWebApplicationContext(ContextLoader.java:271)]
Root WebApplicationContext: initialization started

[2020-04-18 17:57:38:095] [INFO ] [method:org.springframework.scheduling.concurrent.ExecutorConfigurationSupport.initialize(ExecutorConfigurationSupport.java:171)]
Initializing ExecutorService 'defaultSockJsTaskScheduler'

[2020-04-18 17:57:38:708] [INFO ] [method:org.springframework.web.context.ContextLoader.initWebApplicationContext(ContextLoader.java:307)]
Root WebApplicationContext initialized in 3715 ms

[2020-04-18 17:57:38:828] [INFO ] [method:org.springframework.web.servlet.FrameworkServlet.initServletBean(FrameworkServlet.java:525)]
Initializing Servlet 'springMVC'

[2020-04-18 17:57:39:411] [INFO ] [method:org.hibernate.validator.internal.util.Version.<clinit>(Version.java:21)]
HV000001: Hibernate Validator 6.1.2.Final

[2020-04-18 17:57:40:380] [INFO ] [method:org.springframework.web.servlet.FrameworkServlet.initServletBean(FrameworkServlet.java:547)]
Completed initialization in 1552 ms

[2020-04-18 17:57:45:164] [INFO ] [method:com.alibaba.druid.pool.DruidDataSource.init(DruidDataSource.java:1010)]
{dataSource-1} inited

[2020-04-18 18:01:31:934] [INFO ] [method:org.springframework.scheduling.concurrent.ExecutorConfigurationSupport.shutdown(ExecutorConfigurationSupport.java:208)]
Shutting down ExecutorService 'defaultSockJsTaskScheduler'

[2020-04-18 18:01:31:936] [INFO ] [method:com.alibaba.druid.pool.DruidDataSource.close(DruidDataSource.java:2003)]
{dataSource-1} closing ...

[2020-04-18 18:01:31:947] [INFO ] [method:com.alibaba.druid.pool.DruidDataSource.close(DruidDataSource.java:2075)]
{dataSource-1} closed

