[2020-04-04 10:51:08:725] [WARN ] [method:org.springframework.web.servlet.handler.AbstractHandlerExceptionResolver.logException(AbstractHandlerExceptionResolver.java:199)]
Resolved [org.springframework.web.HttpRequestMethodNotSupportedException: Request method 'GET' not supported]

[2020-04-04 10:51:09:289] [WARN ] [method:org.springframework.web.servlet.handler.AbstractHandlerExceptionResolver.logException(AbstractHandlerExceptionResolver.java:199)]
Resolved [org.springframework.web.HttpRequestMethodNotSupportedException: Request method 'GET' not supported]

[2020-04-04 10:51:09:667] [WARN ] [method:org.springframework.web.servlet.handler.AbstractHandlerExceptionResolver.logException(AbstractHandlerExceptionResolver.java:199)]
Resolved [org.springframework.web.HttpRequestMethodNotSupportedException: Request method 'GET' not supported]

[2020-04-04 10:51:10:160] [WARN ] [method:org.springframework.web.servlet.handler.AbstractHandlerExceptionResolver.logException(AbstractHandlerExceptionResolver.java:199)]
Resolved [org.springframework.web.HttpRequestMethodNotSupportedException: Request method 'GET' not supported]

[2020-04-04 10:51:11:458] [WARN ] [method:org.springframework.web.servlet.handler.AbstractHandlerExceptionResolver.logException(AbstractHandlerExceptionResolver.java:199)]
Resolved [org.springframework.web.HttpRequestMethodNotSupportedException: Request method 'GET' not supported]

[2020-04-04 10:51:11:917] [WARN ] [method:org.springframework.web.servlet.handler.AbstractHandlerExceptionResolver.logException(AbstractHandlerExceptionResolver.java:199)]
Resolved [org.springframework.web.HttpRequestMethodNotSupportedException: Request method 'GET' not supported]

[2020-04-04 10:51:12:392] [WARN ] [method:org.springframework.web.servlet.handler.AbstractHandlerExceptionResolver.logException(AbstractHandlerExceptionResolver.java:199)]
Resolved [org.springframework.web.HttpRequestMethodNotSupportedException: Request method 'GET' not supported]

[2020-04-04 10:51:12:855] [WARN ] [method:org.springframework.web.servlet.handler.AbstractHandlerExceptionResolver.logException(AbstractHandlerExceptionResolver.java:199)]
Resolved [org.springframework.web.HttpRequestMethodNotSupportedException: Request method 'GET' not supported]

[2020-04-04 10:51:13:294] [WARN ] [method:org.springframework.web.servlet.handler.AbstractHandlerExceptionResolver.logException(AbstractHandlerExceptionResolver.java:199)]
Resolved [org.springframework.web.HttpRequestMethodNotSupportedException: Request method 'GET' not supported]

[2020-04-04 10:51:13:773] [WARN ] [method:org.springframework.web.servlet.handler.AbstractHandlerExceptionResolver.logException(AbstractHandlerExceptionResolver.java:199)]
Resolved [org.springframework.web.HttpRequestMethodNotSupportedException: Request method 'GET' not supported]

[2020-04-04 10:51:14:189] [WARN ] [method:org.springframework.web.servlet.handler.AbstractHandlerExceptionResolver.logException(AbstractHandlerExceptionResolver.java:199)]
Resolved [org.springframework.web.HttpRequestMethodNotSupportedException: Request method 'GET' not supported]

[2020-04-04 10:51:14:611] [WARN ] [method:org.springframework.web.servlet.handler.AbstractHandlerExceptionResolver.logException(AbstractHandlerExceptionResolver.java:199)]
Resolved [org.springframework.web.HttpRequestMethodNotSupportedException: Request method 'GET' not supported]

[2020-04-04 10:51:15:066] [WARN ] [method:org.springframework.web.servlet.handler.AbstractHandlerExceptionResolver.logException(AbstractHandlerExceptionResolver.java:199)]
Resolved [org.springframework.web.HttpRequestMethodNotSupportedException: Request method 'GET' not supported]

[2020-04-04 10:51:15:499] [WARN ] [method:org.springframework.web.servlet.handler.AbstractHandlerExceptionResolver.logException(AbstractHandlerExceptionResolver.java:199)]
Resolved [org.springframework.web.HttpRequestMethodNotSupportedException: Request method 'GET' not supported]

[2020-04-04 10:51:15:994] [WARN ] [method:org.springframework.web.servlet.handler.AbstractHandlerExceptionResolver.logException(AbstractHandlerExceptionResolver.java:199)]
Resolved [org.springframework.web.HttpRequestMethodNotSupportedException: Request method 'GET' not supported]

[2020-04-04 10:58:26:101] [INFO ] [method:org.springframework.test.context.support.AbstractTestContextBootstrapper.getDefaultTestExecutionListenerClassNames(AbstractTestContextBootstrapper.java:248)]
Loaded default TestExecutionListener class names from location [META-INF/spring.factories]: [org.springframework.test.context.web.ServletTestExecutionListener, org.springframework.test.context.support.DirtiesContextBeforeModesTestExecutionListener, org.springframework.test.context.support.DependencyInjectionTestExecutionListener, org.springframework.test.context.support.DirtiesContextTestExecutionListener, org.springframework.test.context.transaction.TransactionalTestExecutionListener, org.springframework.test.context.jdbc.SqlScriptsTestExecutionListener, org.springframework.test.context.event.EventPublishingTestExecutionListener]

[2020-04-04 10:58:26:119] [INFO ] [method:org.springframework.test.context.support.AbstractTestContextBootstrapper.getTestExecutionListeners(AbstractTestContextBootstrapper.java:177)]
Using TestExecutionListeners: [org.springframework.test.context.web.ServletTestExecutionListener@6fe7aac8, org.springframework.test.context.support.DirtiesContextBeforeModesTestExecutionListener@1d119efb, org.springframework.test.context.support.DependencyInjectionTestExecutionListener@659a969b, org.springframework.test.context.support.DirtiesContextTestExecutionListener@76908cc0, org.springframework.test.context.transaction.TransactionalTestExecutionListener@2473d930, org.springframework.test.context.jdbc.SqlScriptsTestExecutionListener@35047d03, org.springframework.test.context.event.EventPublishingTestExecutionListener@49b0b76]

[2020-04-04 10:58:26:787] [INFO ] [method:com.mchange.v2.log.slf4j.Slf4jMLog$Slf4jMLogger$InfoLogger.log(Slf4jMLog.java:212)]
MLog clients using slf4j logging.

[2020-04-04 10:58:27:425] [INFO ] [method:com.mchange.v2.log.slf4j.Slf4jMLog$Slf4jMLogger$InfoLogger.log(Slf4jMLog.java:212)]
Initializing c3p0-0.9.5.5 [built 11-December-2019 22:18:33 -0800; debug? true; trace: 10]

[2020-04-04 10:58:28:467] [INFO ] [method:com.mchange.v2.log.slf4j.Slf4jMLog$Slf4jMLogger$InfoLogger.log(Slf4jMLog.java:212)]
Initializing c3p0 pool... com.mchange.v2.c3p0.ComboPooledDataSource [ acquireIncrement -> 3, acquireRetryAttempts -> 30, acquireRetryDelay -> 1000, autoCommitOnClose -> false, automaticTestTable -> null, breakAfterAcquireFailure -> false, checkoutTimeout -> 0, connectionCustomizerClassName -> null, connectionTesterClassName -> com.mchange.v2.c3p0.impl.DefaultConnectionTester, contextClassLoaderSource -> caller, dataSourceName -> 1hgery9a9imhtwo18o7ind|3d97a632, debugUnreturnedConnectionStackTraces -> false, description -> null, driverClass -> com.mysql.cj.jdbc.Driver, extensions -> {}, factoryClassLocation -> null, forceIgnoreUnresolvedTransactions -> false, forceSynchronousCheckins -> false, forceUseNamedDriverClass -> false, identityToken -> 1hgery9a9imhtwo18o7ind|3d97a632, idleConnectionTestPeriod -> 0, initialPoolSize -> 3, jdbcUrl -> jdbc:mysql://localhost:3306/box?useSSL=false, maxAdministrativeTaskTime -> 0, maxConnectionAge -> 0, maxIdleTime -> 0, maxIdleTimeExcessConnections -> 0, maxPoolSize -> 15, maxStatements -> 0, maxStatementsPerConnection -> 0, minPoolSize -> 3, numHelperThreads -> 3, preferredTestQuery -> null, privilegeSpawnedThreads -> false, properties -> {password=******, user=******}, propertyCycle -> 0, statementCacheNumDeferredCloseThreads -> 0, testConnectionOnCheckin -> false, testConnectionOnCheckout -> false, unreturnedConnectionTimeout -> 0, userOverrides -> {}, usesTraditionalReflectiveProxies -> false ]

[2020-04-04 10:59:15:785] [INFO ] [method:org.springframework.test.context.support.AbstractTestContextBootstrapper.getDefaultTestExecutionListenerClassNames(AbstractTestContextBootstrapper.java:248)]
Loaded default TestExecutionListener class names from location [META-INF/spring.factories]: [org.springframework.test.context.web.ServletTestExecutionListener, org.springframework.test.context.support.DirtiesContextBeforeModesTestExecutionListener, org.springframework.test.context.support.DependencyInjectionTestExecutionListener, org.springframework.test.context.support.DirtiesContextTestExecutionListener, org.springframework.test.context.transaction.TransactionalTestExecutionListener, org.springframework.test.context.jdbc.SqlScriptsTestExecutionListener, org.springframework.test.context.event.EventPublishingTestExecutionListener]

[2020-04-04 10:59:15:800] [INFO ] [method:org.springframework.test.context.support.AbstractTestContextBootstrapper.getTestExecutionListeners(AbstractTestContextBootstrapper.java:177)]
Using TestExecutionListeners: [org.springframework.test.context.web.ServletTestExecutionListener@6fe7aac8, org.springframework.test.context.support.DirtiesContextBeforeModesTestExecutionListener@1d119efb, org.springframework.test.context.support.DependencyInjectionTestExecutionListener@659a969b, org.springframework.test.context.support.DirtiesContextTestExecutionListener@76908cc0, org.springframework.test.context.transaction.TransactionalTestExecutionListener@2473d930, org.springframework.test.context.jdbc.SqlScriptsTestExecutionListener@35047d03, org.springframework.test.context.event.EventPublishingTestExecutionListener@49b0b76]

[2020-04-04 10:59:16:396] [INFO ] [method:com.mchange.v2.log.slf4j.Slf4jMLog$Slf4jMLogger$InfoLogger.log(Slf4jMLog.java:212)]
MLog clients using slf4j logging.

[2020-04-04 10:59:17:051] [INFO ] [method:com.mchange.v2.log.slf4j.Slf4jMLog$Slf4jMLogger$InfoLogger.log(Slf4jMLog.java:212)]
Initializing c3p0-0.9.5.5 [built 11-December-2019 22:18:33 -0800; debug? true; trace: 10]

[2020-04-04 10:59:17:969] [INFO ] [method:com.mchange.v2.log.slf4j.Slf4jMLog$Slf4jMLogger$InfoLogger.log(Slf4jMLog.java:212)]
Initializing c3p0 pool... com.mchange.v2.c3p0.ComboPooledDataSource [ acquireIncrement -> 3, acquireRetryAttempts -> 30, acquireRetryDelay -> 1000, autoCommitOnClose -> false, automaticTestTable -> null, breakAfterAcquireFailure -> false, checkoutTimeout -> 0, connectionCustomizerClassName -> null, connectionTesterClassName -> com.mchange.v2.c3p0.impl.DefaultConnectionTester, contextClassLoaderSource -> caller, dataSourceName -> 1hgery9a9imiw6pd0gsnd|3d97a632, debugUnreturnedConnectionStackTraces -> false, description -> null, driverClass -> com.mysql.cj.jdbc.Driver, extensions -> {}, factoryClassLocation -> null, forceIgnoreUnresolvedTransactions -> false, forceSynchronousCheckins -> false, forceUseNamedDriverClass -> false, identityToken -> 1hgery9a9imiw6pd0gsnd|3d97a632, idleConnectionTestPeriod -> 0, initialPoolSize -> 3, jdbcUrl -> jdbc:mysql://localhost:3306/box?useSSL=false, maxAdministrativeTaskTime -> 0, maxConnectionAge -> 0, maxIdleTime -> 0, maxIdleTimeExcessConnections -> 0, maxPoolSize -> 15, maxStatements -> 0, maxStatementsPerConnection -> 0, minPoolSize -> 3, numHelperThreads -> 3, preferredTestQuery -> null, privilegeSpawnedThreads -> false, properties -> {password=******, user=******}, propertyCycle -> 0, statementCacheNumDeferredCloseThreads -> 0, testConnectionOnCheckin -> false, testConnectionOnCheckout -> false, unreturnedConnectionTimeout -> 0, userOverrides -> {}, usesTraditionalReflectiveProxies -> false ]

[2020-04-04 11:00:13:509] [INFO ] [method:org.springframework.test.context.support.AbstractTestContextBootstrapper.getDefaultTestExecutionListenerClassNames(AbstractTestContextBootstrapper.java:248)]
Loaded default TestExecutionListener class names from location [META-INF/spring.factories]: [org.springframework.test.context.web.ServletTestExecutionListener, org.springframework.test.context.support.DirtiesContextBeforeModesTestExecutionListener, org.springframework.test.context.support.DependencyInjectionTestExecutionListener, org.springframework.test.context.support.DirtiesContextTestExecutionListener, org.springframework.test.context.transaction.TransactionalTestExecutionListener, org.springframework.test.context.jdbc.SqlScriptsTestExecutionListener, org.springframework.test.context.event.EventPublishingTestExecutionListener]

[2020-04-04 11:00:13:531] [INFO ] [method:org.springframework.test.context.support.AbstractTestContextBootstrapper.getTestExecutionListeners(AbstractTestContextBootstrapper.java:177)]
Using TestExecutionListeners: [org.springframework.test.context.web.ServletTestExecutionListener@6fe7aac8, org.springframework.test.context.support.DirtiesContextBeforeModesTestExecutionListener@1d119efb, org.springframework.test.context.support.DependencyInjectionTestExecutionListener@659a969b, org.springframework.test.context.support.DirtiesContextTestExecutionListener@76908cc0, org.springframework.test.context.transaction.TransactionalTestExecutionListener@2473d930, org.springframework.test.context.jdbc.SqlScriptsTestExecutionListener@35047d03, org.springframework.test.context.event.EventPublishingTestExecutionListener@49b0b76]

[2020-04-04 11:00:14:211] [INFO ] [method:com.mchange.v2.log.slf4j.Slf4jMLog$Slf4jMLogger$InfoLogger.log(Slf4jMLog.java:212)]
MLog clients using slf4j logging.

[2020-04-04 11:00:14:962] [INFO ] [method:com.mchange.v2.log.slf4j.Slf4jMLog$Slf4jMLogger$InfoLogger.log(Slf4jMLog.java:212)]
Initializing c3p0-0.9.5.5 [built 11-December-2019 22:18:33 -0800; debug? true; trace: 10]

[2020-04-04 11:00:15:895] [INFO ] [method:com.mchange.v2.log.slf4j.Slf4jMLog$Slf4jMLogger$InfoLogger.log(Slf4jMLog.java:212)]
Initializing c3p0 pool... com.mchange.v2.c3p0.ComboPooledDataSource [ acquireIncrement -> 3, acquireRetryAttempts -> 30, acquireRetryDelay -> 1000, autoCommitOnClose -> false, automaticTestTable -> null, breakAfterAcquireFailure -> false, checkoutTimeout -> 0, connectionCustomizerClassName -> null, connectionTesterClassName -> com.mchange.v2.c3p0.impl.DefaultConnectionTester, contextClassLoaderSource -> caller, dataSourceName -> 1hgery9a9imk4vs17qtg1t|7e7b159b, debugUnreturnedConnectionStackTraces -> false, description -> null, driverClass -> com.mysql.cj.jdbc.Driver, extensions -> {}, factoryClassLocation -> null, forceIgnoreUnresolvedTransactions -> false, forceSynchronousCheckins -> false, forceUseNamedDriverClass -> false, identityToken -> 1hgery9a9imk4vs17qtg1t|7e7b159b, idleConnectionTestPeriod -> 0, initialPoolSize -> 3, jdbcUrl -> jdbc:mysql://localhost:3306/box?useSSL=false, maxAdministrativeTaskTime -> 0, maxConnectionAge -> 0, maxIdleTime -> 0, maxIdleTimeExcessConnections -> 0, maxPoolSize -> 15, maxStatements -> 0, maxStatementsPerConnection -> 0, minPoolSize -> 3, numHelperThreads -> 3, preferredTestQuery -> null, privilegeSpawnedThreads -> false, properties -> {password=******, user=******}, propertyCycle -> 0, statementCacheNumDeferredCloseThreads -> 0, testConnectionOnCheckin -> false, testConnectionOnCheckout -> false, unreturnedConnectionTimeout -> 0, userOverrides -> {}, usesTraditionalReflectiveProxies -> false ]

[2020-04-04 11:01:13:425] [INFO ] [method:org.springframework.test.context.support.AbstractTestContextBootstrapper.getDefaultTestExecutionListenerClassNames(AbstractTestContextBootstrapper.java:248)]
Loaded default TestExecutionListener class names from location [META-INF/spring.factories]: [org.springframework.test.context.web.ServletTestExecutionListener, org.springframework.test.context.support.DirtiesContextBeforeModesTestExecutionListener, org.springframework.test.context.support.DependencyInjectionTestExecutionListener, org.springframework.test.context.support.DirtiesContextTestExecutionListener, org.springframework.test.context.transaction.TransactionalTestExecutionListener, org.springframework.test.context.jdbc.SqlScriptsTestExecutionListener, org.springframework.test.context.event.EventPublishingTestExecutionListener]

[2020-04-04 11:01:13:441] [INFO ] [method:org.springframework.test.context.support.AbstractTestContextBootstrapper.getTestExecutionListeners(AbstractTestContextBootstrapper.java:177)]
Using TestExecutionListeners: [org.springframework.test.context.web.ServletTestExecutionListener@6fe7aac8, org.springframework.test.context.support.DirtiesContextBeforeModesTestExecutionListener@1d119efb, org.springframework.test.context.support.DependencyInjectionTestExecutionListener@659a969b, org.springframework.test.context.support.DirtiesContextTestExecutionListener@76908cc0, org.springframework.test.context.transaction.TransactionalTestExecutionListener@2473d930, org.springframework.test.context.jdbc.SqlScriptsTestExecutionListener@35047d03, org.springframework.test.context.event.EventPublishingTestExecutionListener@49b0b76]

[2020-04-04 11:01:14:122] [INFO ] [method:com.mchange.v2.log.slf4j.Slf4jMLog$Slf4jMLogger$InfoLogger.log(Slf4jMLog.java:212)]
MLog clients using slf4j logging.

[2020-04-04 11:01:14:710] [INFO ] [method:com.mchange.v2.log.slf4j.Slf4jMLog$Slf4jMLogger$InfoLogger.log(Slf4jMLog.java:212)]
Initializing c3p0-0.9.5.5 [built 11-December-2019 22:18:33 -0800; debug? true; trace: 10]

[2020-04-04 11:01:15:640] [INFO ] [method:com.mchange.v2.log.slf4j.Slf4jMLog$Slf4jMLogger$InfoLogger.log(Slf4jMLog.java:212)]
Initializing c3p0 pool... com.mchange.v2.c3p0.ComboPooledDataSource [ acquireIncrement -> 3, acquireRetryAttempts -> 30, acquireRetryDelay -> 1000, autoCommitOnClose -> false, automaticTestTable -> null, breakAfterAcquireFailure -> false, checkoutTimeout -> 0, connectionCustomizerClassName -> null, connectionTesterClassName -> com.mchange.v2.c3p0.impl.DefaultConnectionTester, contextClassLoaderSource -> caller, dataSourceName -> 1hgery9a9imlezpo5hdx2|7e7b159b, debugUnreturnedConnectionStackTraces -> false, description -> null, driverClass -> com.mysql.cj.jdbc.Driver, extensions -> {}, factoryClassLocation -> null, forceIgnoreUnresolvedTransactions -> false, forceSynchronousCheckins -> false, forceUseNamedDriverClass -> false, identityToken -> 1hgery9a9imlezpo5hdx2|7e7b159b, idleConnectionTestPeriod -> 0, initialPoolSize -> 3, jdbcUrl -> jdbc:mysql://localhost:3306/box?useSSL=false, maxAdministrativeTaskTime -> 0, maxConnectionAge -> 0, maxIdleTime -> 0, maxIdleTimeExcessConnections -> 0, maxPoolSize -> 15, maxStatements -> 0, maxStatementsPerConnection -> 0, minPoolSize -> 3, numHelperThreads -> 3, preferredTestQuery -> null, privilegeSpawnedThreads -> false, properties -> {password=******, user=******}, propertyCycle -> 0, statementCacheNumDeferredCloseThreads -> 0, testConnectionOnCheckin -> false, testConnectionOnCheckout -> false, unreturnedConnectionTimeout -> 0, userOverrides -> {}, usesTraditionalReflectiveProxies -> false ]

[2020-04-04 11:02:06:698] [INFO ] [method:org.springframework.test.context.support.AbstractTestContextBootstrapper.getDefaultTestExecutionListenerClassNames(AbstractTestContextBootstrapper.java:248)]
Loaded default TestExecutionListener class names from location [META-INF/spring.factories]: [org.springframework.test.context.web.ServletTestExecutionListener, org.springframework.test.context.support.DirtiesContextBeforeModesTestExecutionListener, org.springframework.test.context.support.DependencyInjectionTestExecutionListener, org.springframework.test.context.support.DirtiesContextTestExecutionListener, org.springframework.test.context.transaction.TransactionalTestExecutionListener, org.springframework.test.context.jdbc.SqlScriptsTestExecutionListener, org.springframework.test.context.event.EventPublishingTestExecutionListener]

[2020-04-04 11:02:06:715] [INFO ] [method:org.springframework.test.context.support.AbstractTestContextBootstrapper.getTestExecutionListeners(AbstractTestContextBootstrapper.java:177)]
Using TestExecutionListeners: [org.springframework.test.context.web.ServletTestExecutionListener@6fe7aac8, org.springframework.test.context.support.DirtiesContextBeforeModesTestExecutionListener@1d119efb, org.springframework.test.context.support.DependencyInjectionTestExecutionListener@659a969b, org.springframework.test.context.support.DirtiesContextTestExecutionListener@76908cc0, org.springframework.test.context.transaction.TransactionalTestExecutionListener@2473d930, org.springframework.test.context.jdbc.SqlScriptsTestExecutionListener@35047d03, org.springframework.test.context.event.EventPublishingTestExecutionListener@49b0b76]

[2020-04-04 11:02:07:272] [INFO ] [method:com.mchange.v2.log.slf4j.Slf4jMLog$Slf4jMLogger$InfoLogger.log(Slf4jMLog.java:212)]
MLog clients using slf4j logging.

[2020-04-04 11:02:07:993] [INFO ] [method:com.mchange.v2.log.slf4j.Slf4jMLog$Slf4jMLogger$InfoLogger.log(Slf4jMLog.java:212)]
Initializing c3p0-0.9.5.5 [built 11-December-2019 22:18:33 -0800; debug? true; trace: 10]

[2020-04-04 11:02:09:094] [INFO ] [method:com.mchange.v2.log.slf4j.Slf4jMLog$Slf4jMLogger$InfoLogger.log(Slf4jMLog.java:212)]
Initializing c3p0 pool... com.mchange.v2.c3p0.ComboPooledDataSource [ acquireIncrement -> 3, acquireRetryAttempts -> 30, acquireRetryDelay -> 1000, autoCommitOnClose -> false, automaticTestTable -> null, breakAfterAcquireFailure -> false, checkoutTimeout -> 0, connectionCustomizerClassName -> null, connectionTesterClassName -> com.mchange.v2.c3p0.impl.DefaultConnectionTester, contextClassLoaderSource -> caller, dataSourceName -> 1hgery9a9immk1bz5i8ss|3e821657, debugUnreturnedConnectionStackTraces -> false, description -> null, driverClass -> com.mysql.cj.jdbc.Driver, extensions -> {}, factoryClassLocation -> null, forceIgnoreUnresolvedTransactions -> false, forceSynchronousCheckins -> false, forceUseNamedDriverClass -> false, identityToken -> 1hgery9a9immk1bz5i8ss|3e821657, idleConnectionTestPeriod -> 0, initialPoolSize -> 3, jdbcUrl -> jdbc:mysql://localhost:3306/box?useSSL=false, maxAdministrativeTaskTime -> 0, maxConnectionAge -> 0, maxIdleTime -> 0, maxIdleTimeExcessConnections -> 0, maxPoolSize -> 15, maxStatements -> 0, maxStatementsPerConnection -> 0, minPoolSize -> 3, numHelperThreads -> 3, preferredTestQuery -> null, privilegeSpawnedThreads -> false, properties -> {password=******, user=******}, propertyCycle -> 0, statementCacheNumDeferredCloseThreads -> 0, testConnectionOnCheckin -> false, testConnectionOnCheckout -> false, unreturnedConnectionTimeout -> 0, userOverrides -> {}, usesTraditionalReflectiveProxies -> false ]

[2020-04-04 11:10:35:696] [INFO ] [method:org.springframework.test.context.support.AbstractTestContextBootstrapper.getDefaultTestExecutionListenerClassNames(AbstractTestContextBootstrapper.java:248)]
Loaded default TestExecutionListener class names from location [META-INF/spring.factories]: [org.springframework.test.context.web.ServletTestExecutionListener, org.springframework.test.context.support.DirtiesContextBeforeModesTestExecutionListener, org.springframework.test.context.support.DependencyInjectionTestExecutionListener, org.springframework.test.context.support.DirtiesContextTestExecutionListener, org.springframework.test.context.transaction.TransactionalTestExecutionListener, org.springframework.test.context.jdbc.SqlScriptsTestExecutionListener, org.springframework.test.context.event.EventPublishingTestExecutionListener]

[2020-04-04 11:10:35:712] [INFO ] [method:org.springframework.test.context.support.AbstractTestContextBootstrapper.getTestExecutionListeners(AbstractTestContextBootstrapper.java:177)]
Using TestExecutionListeners: [org.springframework.test.context.web.ServletTestExecutionListener@6fe7aac8, org.springframework.test.context.support.DirtiesContextBeforeModesTestExecutionListener@1d119efb, org.springframework.test.context.support.DependencyInjectionTestExecutionListener@659a969b, org.springframework.test.context.support.DirtiesContextTestExecutionListener@76908cc0, org.springframework.test.context.transaction.TransactionalTestExecutionListener@2473d930, org.springframework.test.context.jdbc.SqlScriptsTestExecutionListener@35047d03, org.springframework.test.context.event.EventPublishingTestExecutionListener@49b0b76]

[2020-04-04 11:10:36:491] [INFO ] [method:com.mchange.v2.log.slf4j.Slf4jMLog$Slf4jMLogger$InfoLogger.log(Slf4jMLog.java:212)]
MLog clients using slf4j logging.

[2020-04-04 11:10:37:289] [INFO ] [method:com.mchange.v2.log.slf4j.Slf4jMLog$Slf4jMLogger$InfoLogger.log(Slf4jMLog.java:212)]
Initializing c3p0-0.9.5.5 [built 11-December-2019 22:18:33 -0800; debug? true; trace: 10]

[2020-04-04 11:10:38:220] [INFO ] [method:com.mchange.v2.log.slf4j.Slf4jMLog$Slf4jMLogger$InfoLogger.log(Slf4jMLog.java:212)]
Initializing c3p0 pool... com.mchange.v2.c3p0.ComboPooledDataSource [ acquireIncrement -> 3, acquireRetryAttempts -> 30, acquireRetryDelay -> 1000, autoCommitOnClose -> false, automaticTestTable -> null, breakAfterAcquireFailure -> false, checkoutTimeout -> 0, connectionCustomizerClassName -> null, connectionTesterClassName -> com.mchange.v2.c3p0.impl.DefaultConnectionTester, contextClassLoaderSource -> caller, dataSourceName -> 1hgery9a9imxgx9d4bm03|7e7b159b, debugUnreturnedConnectionStackTraces -> false, description -> null, driverClass -> com.mysql.cj.jdbc.Driver, extensions -> {}, factoryClassLocation -> null, forceIgnoreUnresolvedTransactions -> false, forceSynchronousCheckins -> false, forceUseNamedDriverClass -> false, identityToken -> 1hgery9a9imxgx9d4bm03|7e7b159b, idleConnectionTestPeriod -> 0, initialPoolSize -> 3, jdbcUrl -> jdbc:mysql://localhost:3306/box?useSSL=false, maxAdministrativeTaskTime -> 0, maxConnectionAge -> 0, maxIdleTime -> 0, maxIdleTimeExcessConnections -> 0, maxPoolSize -> 15, maxStatements -> 0, maxStatementsPerConnection -> 0, minPoolSize -> 3, numHelperThreads -> 3, preferredTestQuery -> null, privilegeSpawnedThreads -> false, properties -> {password=******, user=******}, propertyCycle -> 0, statementCacheNumDeferredCloseThreads -> 0, testConnectionOnCheckin -> false, testConnectionOnCheckout -> false, unreturnedConnectionTimeout -> 0, userOverrides -> {}, usesTraditionalReflectiveProxies -> false ]

[2020-04-04 14:23:37:438] [INFO ] [method:org.springframework.test.context.support.AbstractTestContextBootstrapper.getDefaultTestExecutionListenerClassNames(AbstractTestContextBootstrapper.java:248)]
Loaded default TestExecutionListener class names from location [META-INF/spring.factories]: [org.springframework.test.context.web.ServletTestExecutionListener, org.springframework.test.context.support.DirtiesContextBeforeModesTestExecutionListener, org.springframework.test.context.support.DependencyInjectionTestExecutionListener, org.springframework.test.context.support.DirtiesContextTestExecutionListener, org.springframework.test.context.transaction.TransactionalTestExecutionListener, org.springframework.test.context.jdbc.SqlScriptsTestExecutionListener, org.springframework.test.context.event.EventPublishingTestExecutionListener]

[2020-04-04 14:23:37:452] [INFO ] [method:org.springframework.test.context.support.AbstractTestContextBootstrapper.getTestExecutionListeners(AbstractTestContextBootstrapper.java:177)]
Using TestExecutionListeners: [org.springframework.test.context.web.ServletTestExecutionListener@6fe7aac8, org.springframework.test.context.support.DirtiesContextBeforeModesTestExecutionListener@1d119efb, org.springframework.test.context.support.DependencyInjectionTestExecutionListener@659a969b, org.springframework.test.context.support.DirtiesContextTestExecutionListener@76908cc0, org.springframework.test.context.transaction.TransactionalTestExecutionListener@2473d930, org.springframework.test.context.jdbc.SqlScriptsTestExecutionListener@35047d03, org.springframework.test.context.event.EventPublishingTestExecutionListener@49b0b76]

[2020-04-04 14:23:38:078] [INFO ] [method:com.mchange.v2.log.slf4j.Slf4jMLog$Slf4jMLogger$InfoLogger.log(Slf4jMLog.java:212)]
MLog clients using slf4j logging.

[2020-04-04 14:23:38:675] [INFO ] [method:com.mchange.v2.log.slf4j.Slf4jMLog$Slf4jMLogger$InfoLogger.log(Slf4jMLog.java:212)]
Initializing c3p0-0.9.5.5 [built 11-December-2019 22:18:33 -0800; debug? true; trace: 10]

[2020-04-04 14:23:39:598] [INFO ] [method:com.mchange.v2.log.slf4j.Slf4jMLog$Slf4jMLogger$InfoLogger.log(Slf4jMLog.java:212)]
Initializing c3p0 pool... com.mchange.v2.c3p0.ComboPooledDataSource [ acquireIncrement -> 3, acquireRetryAttempts -> 30, acquireRetryDelay -> 1000, autoCommitOnClose -> false, automaticTestTable -> null, breakAfterAcquireFailure -> false, checkoutTimeout -> 0, connectionCustomizerClassName -> null, connectionTesterClassName -> com.mchange.v2.c3p0.impl.DefaultConnectionTester, contextClassLoaderSource -> caller, dataSourceName -> 1hgery9a9ittpdf1iuv6w9|3e821657, debugUnreturnedConnectionStackTraces -> false, description -> null, driverClass -> com.mysql.cj.jdbc.Driver, extensions -> {}, factoryClassLocation -> null, forceIgnoreUnresolvedTransactions -> false, forceSynchronousCheckins -> false, forceUseNamedDriverClass -> false, identityToken -> 1hgery9a9ittpdf1iuv6w9|3e821657, idleConnectionTestPeriod -> 0, initialPoolSize -> 3, jdbcUrl -> jdbc:mysql://localhost:3306/box?useSSL=false, maxAdministrativeTaskTime -> 0, maxConnectionAge -> 0, maxIdleTime -> 0, maxIdleTimeExcessConnections -> 0, maxPoolSize -> 15, maxStatements -> 0, maxStatementsPerConnection -> 0, minPoolSize -> 3, numHelperThreads -> 3, preferredTestQuery -> null, privilegeSpawnedThreads -> false, properties -> {password=******, user=******}, propertyCycle -> 0, statementCacheNumDeferredCloseThreads -> 0, testConnectionOnCheckin -> false, testConnectionOnCheckout -> false, unreturnedConnectionTimeout -> 0, userOverrides -> {}, usesTraditionalReflectiveProxies -> false ]

