[2020-04-30 09:43:00:830] [INFO ] [method:org.springframework.scheduling.concurrent.ExecutorConfigurationSupport.shutdown(ExecutorConfigurationSupport.java:208)]
Shutting down ExecutorService 'defaultSockJsTaskScheduler'

[2020-04-30 09:43:00:833] [INFO ] [method:org.apache.shiro.session.mgt.AbstractValidatingSessionManager.disableSessionValidation(AbstractValidatingSessionManager.java:250)]
Disabled session validation scheduler.

[2020-04-30 09:43:00:881] [INFO ] [method:com.alibaba.druid.pool.DruidDataSource.close(DruidDataSource.java:2003)]
{dataSource-1} closing ...

[2020-04-30 09:43:00:896] [INFO ] [method:com.alibaba.druid.pool.DruidDataSource.close(DruidDataSource.java:2075)]
{dataSource-1} closed

[2020-04-30 09:43:08:007] [INFO ] [method:org.springframework.web.context.ContextLoader.initWebApplicationContext(ContextLoader.java:271)]
Root WebApplicationContext: initialization started

[2020-04-30 09:43:09:653] [INFO ] [method:org.springframework.context.support.PostProcessorRegistrationDelegate$BeanPostProcessorChecker.postProcessAfterInitialization(PostProcessorRegistrationDelegate.java:330)]
Bean 'org.springframework.aop.support.DefaultBeanFactoryPointcutAdvisor#0' of type [org.springframework.aop.support.DefaultBeanFactoryPointcutAdvisor] is not eligible for getting processed by all BeanPostProcessors (for example: not eligible for auto-proxying)

[2020-04-30 09:43:09:952] [INFO ] [method:org.springframework.context.support.PostProcessorRegistrationDelegate$BeanPostProcessorChecker.postProcessAfterInitialization(PostProcessorRegistrationDelegate.java:330)]
Bean 'cacheManager' of type [org.apache.shiro.cache.ehcache.EhCacheManager] is not eligible for getting processed by all BeanPostProcessors (for example: not eligible for auto-proxying)

[2020-04-30 09:43:10:549] [INFO ] [method:org.springframework.context.support.PostProcessorRegistrationDelegate$BeanPostProcessorChecker.postProcessAfterInitialization(PostProcessorRegistrationDelegate.java:330)]
Bean 'comboPooledDataSource' of type [com.alibaba.druid.pool.DruidDataSource] is not eligible for getting processed by all BeanPostProcessors (for example: not eligible for auto-proxying)

[2020-04-30 09:43:11:355] [INFO ] [method:org.springframework.context.support.PostProcessorRegistrationDelegate$BeanPostProcessorChecker.postProcessAfterInitialization(PostProcessorRegistrationDelegate.java:330)]
Bean 'sqlSessionFactory' of type [org.mybatis.spring.SqlSessionFactoryBean] is not eligible for getting processed by all BeanPostProcessors (for example: not eligible for auto-proxying)

[2020-04-30 09:43:11:360] [INFO ] [method:org.springframework.context.support.PostProcessorRegistrationDelegate$BeanPostProcessorChecker.postProcessAfterInitialization(PostProcessorRegistrationDelegate.java:330)]
Bean 'sqlSessionFactory' of type [org.apache.ibatis.session.defaults.DefaultSqlSessionFactory] is not eligible for getting processed by all BeanPostProcessors (for example: not eligible for auto-proxying)

[2020-04-30 09:43:11:382] [INFO ] [method:org.springframework.context.support.PostProcessorRegistrationDelegate$BeanPostProcessorChecker.postProcessAfterInitialization(PostProcessorRegistrationDelegate.java:330)]
Bean 'sessionTemplate' of type [org.mybatis.spring.SqlSessionTemplate] is not eligible for getting processed by all BeanPostProcessors (for example: not eligible for auto-proxying)

[2020-04-30 09:43:11:386] [INFO ] [method:org.springframework.context.support.PostProcessorRegistrationDelegate$BeanPostProcessorChecker.postProcessAfterInitialization(PostProcessorRegistrationDelegate.java:330)]
Bean 'userMapper' of type [org.mybatis.spring.mapper.MapperFactoryBean] is not eligible for getting processed by all BeanPostProcessors (for example: not eligible for auto-proxying)

[2020-04-30 09:43:11:392] [INFO ] [method:org.springframework.context.support.PostProcessorRegistrationDelegate$BeanPostProcessorChecker.postProcessAfterInitialization(PostProcessorRegistrationDelegate.java:330)]
Bean 'userMapper' of type [com.sun.proxy.$Proxy60] is not eligible for getting processed by all BeanPostProcessors (for example: not eligible for auto-proxying)

[2020-04-30 09:43:11:397] [INFO ] [method:org.springframework.context.support.PostProcessorRegistrationDelegate$BeanPostProcessorChecker.postProcessAfterInitialization(PostProcessorRegistrationDelegate.java:330)]
Bean 'userService' of type [com.zx.service.UserService] is not eligible for getting processed by all BeanPostProcessors (for example: not eligible for auto-proxying)

[2020-04-30 09:43:11:450] [INFO ] [method:org.springframework.context.support.PostProcessorRegistrationDelegate$BeanPostProcessorChecker.postProcessAfterInitialization(PostProcessorRegistrationDelegate.java:330)]
Bean 'dataSourceTransactionManager' of type [org.springframework.jdbc.datasource.DataSourceTransactionManager] is not eligible for getting processed by all BeanPostProcessors (for example: not eligible for auto-proxying)

[2020-04-30 09:43:11:493] [INFO ] [method:org.springframework.context.support.PostProcessorRegistrationDelegate$BeanPostProcessorChecker.postProcessAfterInitialization(PostProcessorRegistrationDelegate.java:330)]
Bean '(inner bean)#50723dcc' of type [org.springframework.transaction.interceptor.NameMatchTransactionAttributeSource] is not eligible for getting processed by all BeanPostProcessors (for example: not eligible for auto-proxying)

[2020-04-30 09:43:11:496] [INFO ] [method:org.springframework.context.support.PostProcessorRegistrationDelegate$BeanPostProcessorChecker.postProcessAfterInitialization(PostProcessorRegistrationDelegate.java:330)]
Bean 'txAdvice' of type [org.springframework.transaction.interceptor.TransactionInterceptor] is not eligible for getting processed by all BeanPostProcessors (for example: not eligible for auto-proxying)

[2020-04-30 09:43:11:582] [INFO ] [method:org.springframework.context.support.PostProcessorRegistrationDelegate$BeanPostProcessorChecker.postProcessAfterInitialization(PostProcessorRegistrationDelegate.java:330)]
Bean 'org.apache.shiro.authc.credential.HashedCredentialsMatcher#569f35b7' of type [org.apache.shiro.authc.credential.HashedCredentialsMatcher] is not eligible for getting processed by all BeanPostProcessors (for example: not eligible for auto-proxying)

[2020-04-30 09:43:11:630] [INFO ] [method:org.springframework.context.support.PostProcessorRegistrationDelegate$BeanPostProcessorChecker.postProcessAfterInitialization(PostProcessorRegistrationDelegate.java:330)]
Bean 'jdbcRealm' of type [ShiroRealm] is not eligible for getting processed by all BeanPostProcessors (for example: not eligible for auto-proxying)

[2020-04-30 09:43:11:638] [WARN ] [method:org.apache.shiro.web.mgt.DefaultWebSecurityManager.setSessionMode(DefaultWebSecurityManager.java:143)]
The 'sessionMode' property has been deprecated.  Please configure an appropriate WebSessionManager instance instead of using this property.  This property/method will be removed in a later version.

[2020-04-30 09:43:11:648] [INFO ] [method:org.apache.shiro.web.mgt.DefaultWebSecurityManager.createSessionManager(DefaultWebSecurityManager.java:202)]
native mode - enabling DefaultWebSessionManager (non-HTTP and HTTP Sessions)

[2020-04-30 09:43:11:650] [INFO ] [method:org.apache.shiro.cache.ehcache.EhCacheManager.getCache(EhCacheManager.java:158)]
Cache with name 'ShiroRealm.authorizationCache' does not yet exist.  Creating now.

[2020-04-30 09:43:11:737] [INFO ] [method:org.apache.shiro.cache.ehcache.EhCacheManager.getCache(EhCacheManager.java:165)]
Added EhCache named [ShiroRealm.authorizationCache]

[2020-04-30 09:43:11:739] [INFO ] [method:org.springframework.context.support.PostProcessorRegistrationDelegate$BeanPostProcessorChecker.postProcessAfterInitialization(PostProcessorRegistrationDelegate.java:330)]
Bean 'securityManager' of type [org.apache.shiro.web.mgt.DefaultWebSecurityManager] is not eligible for getting processed by all BeanPostProcessors (for example: not eligible for auto-proxying)

[2020-04-30 09:43:11:772] [INFO ] [method:org.springframework.context.support.PostProcessorRegistrationDelegate$BeanPostProcessorChecker.postProcessAfterInitialization(PostProcessorRegistrationDelegate.java:330)]
Bean 'org.apache.shiro.spring.security.interceptor.AuthorizationAttributeSourceAdvisor#0' of type [org.apache.shiro.spring.security.interceptor.AuthorizationAttributeSourceAdvisor] is not eligible for getting processed by all BeanPostProcessors (for example: not eligible for auto-proxying)

[2020-04-30 09:43:12:134] [INFO ] [method:org.springframework.scheduling.concurrent.ExecutorConfigurationSupport.initialize(ExecutorConfigurationSupport.java:171)]
Initializing ExecutorService 'defaultSockJsTaskScheduler'

[2020-04-30 09:43:12:762] [INFO ] [method:org.springframework.web.context.ContextLoader.initWebApplicationContext(ContextLoader.java:307)]
Root WebApplicationContext initialized in 4751 ms

[2020-04-30 09:43:12:939] [INFO ] [method:org.springframework.web.servlet.FrameworkServlet.initServletBean(FrameworkServlet.java:525)]
Initializing Servlet 'springMVC'

[2020-04-30 09:43:13:684] [INFO ] [method:org.hibernate.validator.internal.util.Version.<clinit>(Version.java:21)]
HV000001: Hibernate Validator 6.1.2.Final

[2020-04-30 09:43:14:699] [INFO ] [method:org.springframework.web.servlet.FrameworkServlet.initServletBean(FrameworkServlet.java:547)]
Completed initialization in 1759 ms

[2020-04-30 09:43:23:876] [INFO ] [method:org.apache.shiro.session.mgt.AbstractValidatingSessionManager.enableSessionValidation(AbstractValidatingSessionManager.java:233)]
Enabling session validation scheduler...

[2020-04-30 09:43:24:052] [INFO ] [method:com.alibaba.druid.pool.DruidDataSource.init(DruidDataSource.java:1010)]
{dataSource-1} inited

[2020-04-30 09:43:25:060] [WARN ] [method:org.springframework.web.servlet.handler.AbstractHandlerExceptionResolver.logException(AbstractHandlerExceptionResolver.java:199)]
Resolved [org.springframework.web.method.annotation.MethodArgumentTypeMismatchException: Failed to convert value of type 'java.lang.String' to required type 'java.lang.Integer'; nested exception is java.lang.NumberFormatException: For input string: "null"]

[2020-04-30 09:45:50:901] [INFO ] [method:org.springframework.scheduling.concurrent.ExecutorConfigurationSupport.shutdown(ExecutorConfigurationSupport.java:208)]
Shutting down ExecutorService 'defaultSockJsTaskScheduler'

[2020-04-30 09:45:50:903] [INFO ] [method:org.apache.shiro.session.mgt.AbstractValidatingSessionManager.disableSessionValidation(AbstractValidatingSessionManager.java:250)]
Disabled session validation scheduler.

[2020-04-30 09:45:50:925] [INFO ] [method:com.alibaba.druid.pool.DruidDataSource.close(DruidDataSource.java:2003)]
{dataSource-1} closing ...

[2020-04-30 09:45:50:932] [INFO ] [method:com.alibaba.druid.pool.DruidDataSource.close(DruidDataSource.java:2075)]
{dataSource-1} closed

[2020-04-30 09:45:59:446] [INFO ] [method:org.springframework.web.context.ContextLoader.initWebApplicationContext(ContextLoader.java:271)]
Root WebApplicationContext: initialization started

[2020-04-30 09:46:00:971] [INFO ] [method:org.springframework.context.support.PostProcessorRegistrationDelegate$BeanPostProcessorChecker.postProcessAfterInitialization(PostProcessorRegistrationDelegate.java:330)]
Bean 'org.springframework.aop.support.DefaultBeanFactoryPointcutAdvisor#0' of type [org.springframework.aop.support.DefaultBeanFactoryPointcutAdvisor] is not eligible for getting processed by all BeanPostProcessors (for example: not eligible for auto-proxying)

[2020-04-30 09:46:01:308] [INFO ] [method:org.springframework.context.support.PostProcessorRegistrationDelegate$BeanPostProcessorChecker.postProcessAfterInitialization(PostProcessorRegistrationDelegate.java:330)]
Bean 'cacheManager' of type [org.apache.shiro.cache.ehcache.EhCacheManager] is not eligible for getting processed by all BeanPostProcessors (for example: not eligible for auto-proxying)

[2020-04-30 09:46:01:908] [INFO ] [method:org.springframework.context.support.PostProcessorRegistrationDelegate$BeanPostProcessorChecker.postProcessAfterInitialization(PostProcessorRegistrationDelegate.java:330)]
Bean 'comboPooledDataSource' of type [com.alibaba.druid.pool.DruidDataSource] is not eligible for getting processed by all BeanPostProcessors (for example: not eligible for auto-proxying)

[2020-04-30 09:46:02:884] [INFO ] [method:org.springframework.context.support.PostProcessorRegistrationDelegate$BeanPostProcessorChecker.postProcessAfterInitialization(PostProcessorRegistrationDelegate.java:330)]
Bean 'sqlSessionFactory' of type [org.mybatis.spring.SqlSessionFactoryBean] is not eligible for getting processed by all BeanPostProcessors (for example: not eligible for auto-proxying)

[2020-04-30 09:46:02:892] [INFO ] [method:org.springframework.context.support.PostProcessorRegistrationDelegate$BeanPostProcessorChecker.postProcessAfterInitialization(PostProcessorRegistrationDelegate.java:330)]
Bean 'sqlSessionFactory' of type [org.apache.ibatis.session.defaults.DefaultSqlSessionFactory] is not eligible for getting processed by all BeanPostProcessors (for example: not eligible for auto-proxying)

[2020-04-30 09:46:02:926] [INFO ] [method:org.springframework.context.support.PostProcessorRegistrationDelegate$BeanPostProcessorChecker.postProcessAfterInitialization(PostProcessorRegistrationDelegate.java:330)]
Bean 'sessionTemplate' of type [org.mybatis.spring.SqlSessionTemplate] is not eligible for getting processed by all BeanPostProcessors (for example: not eligible for auto-proxying)

[2020-04-30 09:46:02:932] [INFO ] [method:org.springframework.context.support.PostProcessorRegistrationDelegate$BeanPostProcessorChecker.postProcessAfterInitialization(PostProcessorRegistrationDelegate.java:330)]
Bean 'userMapper' of type [org.mybatis.spring.mapper.MapperFactoryBean] is not eligible for getting processed by all BeanPostProcessors (for example: not eligible for auto-proxying)

[2020-04-30 09:46:02:940] [INFO ] [method:org.springframework.context.support.PostProcessorRegistrationDelegate$BeanPostProcessorChecker.postProcessAfterInitialization(PostProcessorRegistrationDelegate.java:330)]
Bean 'userMapper' of type [com.sun.proxy.$Proxy99] is not eligible for getting processed by all BeanPostProcessors (for example: not eligible for auto-proxying)

[2020-04-30 09:46:02:973] [INFO ] [method:org.springframework.context.support.PostProcessorRegistrationDelegate$BeanPostProcessorChecker.postProcessAfterInitialization(PostProcessorRegistrationDelegate.java:330)]
Bean 'userService' of type [com.zx.service.UserService] is not eligible for getting processed by all BeanPostProcessors (for example: not eligible for auto-proxying)

[2020-04-30 09:46:03:048] [INFO ] [method:org.springframework.context.support.PostProcessorRegistrationDelegate$BeanPostProcessorChecker.postProcessAfterInitialization(PostProcessorRegistrationDelegate.java:330)]
Bean 'dataSourceTransactionManager' of type [org.springframework.jdbc.datasource.DataSourceTransactionManager] is not eligible for getting processed by all BeanPostProcessors (for example: not eligible for auto-proxying)

[2020-04-30 09:46:03:155] [INFO ] [method:org.springframework.context.support.PostProcessorRegistrationDelegate$BeanPostProcessorChecker.postProcessAfterInitialization(PostProcessorRegistrationDelegate.java:330)]
Bean '(inner bean)#7f3a68c2' of type [org.springframework.transaction.interceptor.NameMatchTransactionAttributeSource] is not eligible for getting processed by all BeanPostProcessors (for example: not eligible for auto-proxying)

[2020-04-30 09:46:03:162] [INFO ] [method:org.springframework.context.support.PostProcessorRegistrationDelegate$BeanPostProcessorChecker.postProcessAfterInitialization(PostProcessorRegistrationDelegate.java:330)]
Bean 'txAdvice' of type [org.springframework.transaction.interceptor.TransactionInterceptor] is not eligible for getting processed by all BeanPostProcessors (for example: not eligible for auto-proxying)

[2020-04-30 09:46:03:267] [INFO ] [method:org.springframework.context.support.PostProcessorRegistrationDelegate$BeanPostProcessorChecker.postProcessAfterInitialization(PostProcessorRegistrationDelegate.java:330)]
Bean 'org.apache.shiro.authc.credential.HashedCredentialsMatcher#55fd7059' of type [org.apache.shiro.authc.credential.HashedCredentialsMatcher] is not eligible for getting processed by all BeanPostProcessors (for example: not eligible for auto-proxying)

[2020-04-30 09:46:03:310] [INFO ] [method:org.springframework.context.support.PostProcessorRegistrationDelegate$BeanPostProcessorChecker.postProcessAfterInitialization(PostProcessorRegistrationDelegate.java:330)]
Bean 'jdbcRealm' of type [ShiroRealm] is not eligible for getting processed by all BeanPostProcessors (for example: not eligible for auto-proxying)

[2020-04-30 09:46:03:320] [WARN ] [method:org.apache.shiro.web.mgt.DefaultWebSecurityManager.setSessionMode(DefaultWebSecurityManager.java:143)]
The 'sessionMode' property has been deprecated.  Please configure an appropriate WebSessionManager instance instead of using this property.  This property/method will be removed in a later version.

[2020-04-30 09:46:03:327] [INFO ] [method:org.apache.shiro.web.mgt.DefaultWebSecurityManager.createSessionManager(DefaultWebSecurityManager.java:202)]
native mode - enabling DefaultWebSessionManager (non-HTTP and HTTP Sessions)

[2020-04-30 09:46:03:329] [INFO ] [method:org.apache.shiro.cache.ehcache.EhCacheManager.getCache(EhCacheManager.java:158)]
Cache with name 'ShiroRealm.authorizationCache' does not yet exist.  Creating now.

[2020-04-30 09:46:03:439] [INFO ] [method:org.apache.shiro.cache.ehcache.EhCacheManager.getCache(EhCacheManager.java:165)]
Added EhCache named [ShiroRealm.authorizationCache]

[2020-04-30 09:46:03:440] [INFO ] [method:org.springframework.context.support.PostProcessorRegistrationDelegate$BeanPostProcessorChecker.postProcessAfterInitialization(PostProcessorRegistrationDelegate.java:330)]
Bean 'securityManager' of type [org.apache.shiro.web.mgt.DefaultWebSecurityManager] is not eligible for getting processed by all BeanPostProcessors (for example: not eligible for auto-proxying)

[2020-04-30 09:46:03:474] [INFO ] [method:org.springframework.context.support.PostProcessorRegistrationDelegate$BeanPostProcessorChecker.postProcessAfterInitialization(PostProcessorRegistrationDelegate.java:330)]
Bean 'org.apache.shiro.spring.security.interceptor.AuthorizationAttributeSourceAdvisor#0' of type [org.apache.shiro.spring.security.interceptor.AuthorizationAttributeSourceAdvisor] is not eligible for getting processed by all BeanPostProcessors (for example: not eligible for auto-proxying)

[2020-04-30 09:46:04:296] [INFO ] [method:org.springframework.scheduling.concurrent.ExecutorConfigurationSupport.initialize(ExecutorConfigurationSupport.java:171)]
Initializing ExecutorService 'defaultSockJsTaskScheduler'

[2020-04-30 09:46:05:603] [INFO ] [method:org.springframework.web.context.ContextLoader.initWebApplicationContext(ContextLoader.java:307)]
Root WebApplicationContext initialized in 6153 ms

[2020-04-30 09:46:05:794] [INFO ] [method:org.springframework.web.servlet.FrameworkServlet.initServletBean(FrameworkServlet.java:525)]
Initializing Servlet 'springMVC'

[2020-04-30 09:46:06:463] [INFO ] [method:org.hibernate.validator.internal.util.Version.<clinit>(Version.java:21)]
HV000001: Hibernate Validator 6.1.2.Final

[2020-04-30 09:46:07:518] [INFO ] [method:org.springframework.web.servlet.FrameworkServlet.initServletBean(FrameworkServlet.java:547)]
Completed initialization in 1723 ms

[2020-04-30 09:46:20:956] [INFO ] [method:org.apache.shiro.session.mgt.AbstractValidatingSessionManager.enableSessionValidation(AbstractValidatingSessionManager.java:233)]
Enabling session validation scheduler...

[2020-04-30 09:46:21:137] [INFO ] [method:com.alibaba.druid.pool.DruidDataSource.init(DruidDataSource.java:1010)]
{dataSource-1} inited

[2020-04-30 09:46:21:874] [WARN ] [method:org.springframework.web.servlet.handler.AbstractHandlerExceptionResolver.logException(AbstractHandlerExceptionResolver.java:199)]
Resolved [org.springframework.web.method.annotation.MethodArgumentTypeMismatchException: Failed to convert value of type 'java.lang.String' to required type 'java.lang.Integer'; nested exception is java.lang.NumberFormatException: For input string: "null"]

[2020-04-30 09:49:02:193] [INFO ] [method:org.springframework.scheduling.concurrent.ExecutorConfigurationSupport.shutdown(ExecutorConfigurationSupport.java:208)]
Shutting down ExecutorService 'defaultSockJsTaskScheduler'

[2020-04-30 09:49:02:195] [INFO ] [method:org.apache.shiro.session.mgt.AbstractValidatingSessionManager.disableSessionValidation(AbstractValidatingSessionManager.java:250)]
Disabled session validation scheduler.

[2020-04-30 09:49:02:233] [INFO ] [method:com.alibaba.druid.pool.DruidDataSource.close(DruidDataSource.java:2003)]
{dataSource-1} closing ...

[2020-04-30 09:49:02:240] [INFO ] [method:com.alibaba.druid.pool.DruidDataSource.close(DruidDataSource.java:2075)]
{dataSource-1} closed

[2020-04-30 09:49:09:190] [INFO ] [method:org.springframework.web.context.ContextLoader.initWebApplicationContext(ContextLoader.java:271)]
Root WebApplicationContext: initialization started

[2020-04-30 09:49:10:470] [INFO ] [method:org.springframework.context.support.PostProcessorRegistrationDelegate$BeanPostProcessorChecker.postProcessAfterInitialization(PostProcessorRegistrationDelegate.java:330)]
Bean 'org.springframework.aop.support.DefaultBeanFactoryPointcutAdvisor#0' of type [org.springframework.aop.support.DefaultBeanFactoryPointcutAdvisor] is not eligible for getting processed by all BeanPostProcessors (for example: not eligible for auto-proxying)

[2020-04-30 09:49:10:749] [INFO ] [method:org.springframework.context.support.PostProcessorRegistrationDelegate$BeanPostProcessorChecker.postProcessAfterInitialization(PostProcessorRegistrationDelegate.java:330)]
Bean 'cacheManager' of type [org.apache.shiro.cache.ehcache.EhCacheManager] is not eligible for getting processed by all BeanPostProcessors (for example: not eligible for auto-proxying)

[2020-04-30 09:49:11:281] [INFO ] [method:org.springframework.context.support.PostProcessorRegistrationDelegate$BeanPostProcessorChecker.postProcessAfterInitialization(PostProcessorRegistrationDelegate.java:330)]
Bean 'comboPooledDataSource' of type [com.alibaba.druid.pool.DruidDataSource] is not eligible for getting processed by all BeanPostProcessors (for example: not eligible for auto-proxying)

[2020-04-30 09:49:12:020] [INFO ] [method:org.springframework.context.support.PostProcessorRegistrationDelegate$BeanPostProcessorChecker.postProcessAfterInitialization(PostProcessorRegistrationDelegate.java:330)]
Bean 'sqlSessionFactory' of type [org.mybatis.spring.SqlSessionFactoryBean] is not eligible for getting processed by all BeanPostProcessors (for example: not eligible for auto-proxying)

[2020-04-30 09:49:12:024] [INFO ] [method:org.springframework.context.support.PostProcessorRegistrationDelegate$BeanPostProcessorChecker.postProcessAfterInitialization(PostProcessorRegistrationDelegate.java:330)]
Bean 'sqlSessionFactory' of type [org.apache.ibatis.session.defaults.DefaultSqlSessionFactory] is not eligible for getting processed by all BeanPostProcessors (for example: not eligible for auto-proxying)

[2020-04-30 09:49:12:043] [INFO ] [method:org.springframework.context.support.PostProcessorRegistrationDelegate$BeanPostProcessorChecker.postProcessAfterInitialization(PostProcessorRegistrationDelegate.java:330)]
Bean 'sessionTemplate' of type [org.mybatis.spring.SqlSessionTemplate] is not eligible for getting processed by all BeanPostProcessors (for example: not eligible for auto-proxying)

[2020-04-30 09:49:12:047] [INFO ] [method:org.springframework.context.support.PostProcessorRegistrationDelegate$BeanPostProcessorChecker.postProcessAfterInitialization(PostProcessorRegistrationDelegate.java:330)]
Bean 'userMapper' of type [org.mybatis.spring.mapper.MapperFactoryBean] is not eligible for getting processed by all BeanPostProcessors (for example: not eligible for auto-proxying)

[2020-04-30 09:49:12:052] [INFO ] [method:org.springframework.context.support.PostProcessorRegistrationDelegate$BeanPostProcessorChecker.postProcessAfterInitialization(PostProcessorRegistrationDelegate.java:330)]
Bean 'userMapper' of type [com.sun.proxy.$Proxy138] is not eligible for getting processed by all BeanPostProcessors (for example: not eligible for auto-proxying)

[2020-04-30 09:49:12:055] [INFO ] [method:org.springframework.context.support.PostProcessorRegistrationDelegate$BeanPostProcessorChecker.postProcessAfterInitialization(PostProcessorRegistrationDelegate.java:330)]
Bean 'userService' of type [com.zx.service.UserService] is not eligible for getting processed by all BeanPostProcessors (for example: not eligible for auto-proxying)

[2020-04-30 09:49:12:102] [INFO ] [method:org.springframework.context.support.PostProcessorRegistrationDelegate$BeanPostProcessorChecker.postProcessAfterInitialization(PostProcessorRegistrationDelegate.java:330)]
Bean 'dataSourceTransactionManager' of type [org.springframework.jdbc.datasource.DataSourceTransactionManager] is not eligible for getting processed by all BeanPostProcessors (for example: not eligible for auto-proxying)

[2020-04-30 09:49:12:145] [INFO ] [method:org.springframework.context.support.PostProcessorRegistrationDelegate$BeanPostProcessorChecker.postProcessAfterInitialization(PostProcessorRegistrationDelegate.java:330)]
Bean '(inner bean)#6435af70' of type [org.springframework.transaction.interceptor.NameMatchTransactionAttributeSource] is not eligible for getting processed by all BeanPostProcessors (for example: not eligible for auto-proxying)

[2020-04-30 09:49:12:148] [INFO ] [method:org.springframework.context.support.PostProcessorRegistrationDelegate$BeanPostProcessorChecker.postProcessAfterInitialization(PostProcessorRegistrationDelegate.java:330)]
Bean 'txAdvice' of type [org.springframework.transaction.interceptor.TransactionInterceptor] is not eligible for getting processed by all BeanPostProcessors (for example: not eligible for auto-proxying)

[2020-04-30 09:49:12:229] [INFO ] [method:org.springframework.context.support.PostProcessorRegistrationDelegate$BeanPostProcessorChecker.postProcessAfterInitialization(PostProcessorRegistrationDelegate.java:330)]
Bean 'org.apache.shiro.authc.credential.HashedCredentialsMatcher#436cb359' of type [org.apache.shiro.authc.credential.HashedCredentialsMatcher] is not eligible for getting processed by all BeanPostProcessors (for example: not eligible for auto-proxying)

[2020-04-30 09:49:12:267] [INFO ] [method:org.springframework.context.support.PostProcessorRegistrationDelegate$BeanPostProcessorChecker.postProcessAfterInitialization(PostProcessorRegistrationDelegate.java:330)]
Bean 'jdbcRealm' of type [ShiroRealm] is not eligible for getting processed by all BeanPostProcessors (for example: not eligible for auto-proxying)

[2020-04-30 09:49:12:273] [WARN ] [method:org.apache.shiro.web.mgt.DefaultWebSecurityManager.setSessionMode(DefaultWebSecurityManager.java:143)]
The 'sessionMode' property has been deprecated.  Please configure an appropriate WebSessionManager instance instead of using this property.  This property/method will be removed in a later version.

[2020-04-30 09:49:12:280] [INFO ] [method:org.apache.shiro.web.mgt.DefaultWebSecurityManager.createSessionManager(DefaultWebSecurityManager.java:202)]
native mode - enabling DefaultWebSessionManager (non-HTTP and HTTP Sessions)

[2020-04-30 09:49:12:282] [INFO ] [method:org.apache.shiro.cache.ehcache.EhCacheManager.getCache(EhCacheManager.java:158)]
Cache with name 'ShiroRealm.authorizationCache' does not yet exist.  Creating now.

[2020-04-30 09:49:12:365] [INFO ] [method:org.apache.shiro.cache.ehcache.EhCacheManager.getCache(EhCacheManager.java:165)]
Added EhCache named [ShiroRealm.authorizationCache]

[2020-04-30 09:49:12:367] [INFO ] [method:org.springframework.context.support.PostProcessorRegistrationDelegate$BeanPostProcessorChecker.postProcessAfterInitialization(PostProcessorRegistrationDelegate.java:330)]
Bean 'securityManager' of type [org.apache.shiro.web.mgt.DefaultWebSecurityManager] is not eligible for getting processed by all BeanPostProcessors (for example: not eligible for auto-proxying)

[2020-04-30 09:49:12:398] [INFO ] [method:org.springframework.context.support.PostProcessorRegistrationDelegate$BeanPostProcessorChecker.postProcessAfterInitialization(PostProcessorRegistrationDelegate.java:330)]
Bean 'org.apache.shiro.spring.security.interceptor.AuthorizationAttributeSourceAdvisor#0' of type [org.apache.shiro.spring.security.interceptor.AuthorizationAttributeSourceAdvisor] is not eligible for getting processed by all BeanPostProcessors (for example: not eligible for auto-proxying)

[2020-04-30 09:49:12:709] [INFO ] [method:org.springframework.scheduling.concurrent.ExecutorConfigurationSupport.initialize(ExecutorConfigurationSupport.java:171)]
Initializing ExecutorService 'defaultSockJsTaskScheduler'

[2020-04-30 09:49:13:281] [INFO ] [method:org.springframework.web.context.ContextLoader.initWebApplicationContext(ContextLoader.java:307)]
Root WebApplicationContext initialized in 4088 ms

[2020-04-30 09:49:13:442] [INFO ] [method:org.springframework.web.servlet.FrameworkServlet.initServletBean(FrameworkServlet.java:525)]
Initializing Servlet 'springMVC'

[2020-04-30 09:49:14:032] [INFO ] [method:org.hibernate.validator.internal.util.Version.<clinit>(Version.java:21)]
HV000001: Hibernate Validator 6.1.2.Final

[2020-04-30 09:49:15:234] [INFO ] [method:org.springframework.web.servlet.FrameworkServlet.initServletBean(FrameworkServlet.java:547)]
Completed initialization in 1792 ms

[2020-04-30 09:49:21:693] [INFO ] [method:org.apache.shiro.session.mgt.AbstractValidatingSessionManager.enableSessionValidation(AbstractValidatingSessionManager.java:233)]
Enabling session validation scheduler...

[2020-04-30 09:49:21:867] [INFO ] [method:com.alibaba.druid.pool.DruidDataSource.init(DruidDataSource.java:1010)]
{dataSource-1} inited

[2020-04-30 09:51:19:829] [INFO ] [method:org.springframework.scheduling.concurrent.ExecutorConfigurationSupport.shutdown(ExecutorConfigurationSupport.java:208)]
Shutting down ExecutorService 'defaultSockJsTaskScheduler'

[2020-04-30 09:51:19:831] [INFO ] [method:org.apache.shiro.session.mgt.AbstractValidatingSessionManager.disableSessionValidation(AbstractValidatingSessionManager.java:250)]
Disabled session validation scheduler.

[2020-04-30 09:51:19:848] [INFO ] [method:com.alibaba.druid.pool.DruidDataSource.close(DruidDataSource.java:2003)]
{dataSource-1} closing ...

[2020-04-30 09:51:19:854] [INFO ] [method:com.alibaba.druid.pool.DruidDataSource.close(DruidDataSource.java:2075)]
{dataSource-1} closed

[2020-04-30 09:51:42:722] [INFO ] [method:org.springframework.web.context.ContextLoader.initWebApplicationContext(ContextLoader.java:271)]
Root WebApplicationContext: initialization started

[2020-04-30 09:51:44:332] [INFO ] [method:org.springframework.context.support.PostProcessorRegistrationDelegate$BeanPostProcessorChecker.postProcessAfterInitialization(PostProcessorRegistrationDelegate.java:330)]
Bean 'org.springframework.aop.support.DefaultBeanFactoryPointcutAdvisor#0' of type [org.springframework.aop.support.DefaultBeanFactoryPointcutAdvisor] is not eligible for getting processed by all BeanPostProcessors (for example: not eligible for auto-proxying)

[2020-04-30 09:51:44:726] [INFO ] [method:org.springframework.context.support.PostProcessorRegistrationDelegate$BeanPostProcessorChecker.postProcessAfterInitialization(PostProcessorRegistrationDelegate.java:330)]
Bean 'cacheManager' of type [org.apache.shiro.cache.ehcache.EhCacheManager] is not eligible for getting processed by all BeanPostProcessors (for example: not eligible for auto-proxying)

[2020-04-30 09:51:45:277] [INFO ] [method:org.springframework.context.support.PostProcessorRegistrationDelegate$BeanPostProcessorChecker.postProcessAfterInitialization(PostProcessorRegistrationDelegate.java:330)]
Bean 'comboPooledDataSource' of type [com.alibaba.druid.pool.DruidDataSource] is not eligible for getting processed by all BeanPostProcessors (for example: not eligible for auto-proxying)

[2020-04-30 09:51:46:408] [INFO ] [method:org.springframework.context.support.PostProcessorRegistrationDelegate$BeanPostProcessorChecker.postProcessAfterInitialization(PostProcessorRegistrationDelegate.java:330)]
Bean 'sqlSessionFactory' of type [org.mybatis.spring.SqlSessionFactoryBean] is not eligible for getting processed by all BeanPostProcessors (for example: not eligible for auto-proxying)

[2020-04-30 09:51:46:414] [INFO ] [method:org.springframework.context.support.PostProcessorRegistrationDelegate$BeanPostProcessorChecker.postProcessAfterInitialization(PostProcessorRegistrationDelegate.java:330)]
Bean 'sqlSessionFactory' of type [org.apache.ibatis.session.defaults.DefaultSqlSessionFactory] is not eligible for getting processed by all BeanPostProcessors (for example: not eligible for auto-proxying)

[2020-04-30 09:51:46:440] [INFO ] [method:org.springframework.context.support.PostProcessorRegistrationDelegate$BeanPostProcessorChecker.postProcessAfterInitialization(PostProcessorRegistrationDelegate.java:330)]
Bean 'sessionTemplate' of type [org.mybatis.spring.SqlSessionTemplate] is not eligible for getting processed by all BeanPostProcessors (for example: not eligible for auto-proxying)

[2020-04-30 09:51:46:445] [INFO ] [method:org.springframework.context.support.PostProcessorRegistrationDelegate$BeanPostProcessorChecker.postProcessAfterInitialization(PostProcessorRegistrationDelegate.java:330)]
Bean 'userMapper' of type [org.mybatis.spring.mapper.MapperFactoryBean] is not eligible for getting processed by all BeanPostProcessors (for example: not eligible for auto-proxying)

[2020-04-30 09:51:46:452] [INFO ] [method:org.springframework.context.support.PostProcessorRegistrationDelegate$BeanPostProcessorChecker.postProcessAfterInitialization(PostProcessorRegistrationDelegate.java:330)]
Bean 'userMapper' of type [com.sun.proxy.$Proxy21] is not eligible for getting processed by all BeanPostProcessors (for example: not eligible for auto-proxying)

[2020-04-30 09:51:46:456] [INFO ] [method:org.springframework.context.support.PostProcessorRegistrationDelegate$BeanPostProcessorChecker.postProcessAfterInitialization(PostProcessorRegistrationDelegate.java:330)]
Bean 'userService' of type [com.zx.service.UserService] is not eligible for getting processed by all BeanPostProcessors (for example: not eligible for auto-proxying)

[2020-04-30 09:51:46:515] [INFO ] [method:org.springframework.context.support.PostProcessorRegistrationDelegate$BeanPostProcessorChecker.postProcessAfterInitialization(PostProcessorRegistrationDelegate.java:330)]
Bean 'dataSourceTransactionManager' of type [org.springframework.jdbc.datasource.DataSourceTransactionManager] is not eligible for getting processed by all BeanPostProcessors (for example: not eligible for auto-proxying)

[2020-04-30 09:51:46:589] [INFO ] [method:org.springframework.context.support.PostProcessorRegistrationDelegate$BeanPostProcessorChecker.postProcessAfterInitialization(PostProcessorRegistrationDelegate.java:330)]
Bean '(inner bean)#750ae67f' of type [org.springframework.transaction.interceptor.NameMatchTransactionAttributeSource] is not eligible for getting processed by all BeanPostProcessors (for example: not eligible for auto-proxying)

[2020-04-30 09:51:46:592] [INFO ] [method:org.springframework.context.support.PostProcessorRegistrationDelegate$BeanPostProcessorChecker.postProcessAfterInitialization(PostProcessorRegistrationDelegate.java:330)]
Bean 'txAdvice' of type [org.springframework.transaction.interceptor.TransactionInterceptor] is not eligible for getting processed by all BeanPostProcessors (for example: not eligible for auto-proxying)

[2020-04-30 09:51:46:711] [INFO ] [method:org.springframework.context.support.PostProcessorRegistrationDelegate$BeanPostProcessorChecker.postProcessAfterInitialization(PostProcessorRegistrationDelegate.java:330)]
Bean 'org.apache.shiro.authc.credential.HashedCredentialsMatcher#18e8cc4b' of type [org.apache.shiro.authc.credential.HashedCredentialsMatcher] is not eligible for getting processed by all BeanPostProcessors (for example: not eligible for auto-proxying)

[2020-04-30 09:51:46:770] [INFO ] [method:org.springframework.context.support.PostProcessorRegistrationDelegate$BeanPostProcessorChecker.postProcessAfterInitialization(PostProcessorRegistrationDelegate.java:330)]
Bean 'jdbcRealm' of type [ShiroRealm] is not eligible for getting processed by all BeanPostProcessors (for example: not eligible for auto-proxying)

[2020-04-30 09:51:46:781] [WARN ] [method:org.apache.shiro.web.mgt.DefaultWebSecurityManager.setSessionMode(DefaultWebSecurityManager.java:143)]
The 'sessionMode' property has been deprecated.  Please configure an appropriate WebSessionManager instance instead of using this property.  This property/method will be removed in a later version.

[2020-04-30 09:51:46:790] [INFO ] [method:org.apache.shiro.web.mgt.DefaultWebSecurityManager.createSessionManager(DefaultWebSecurityManager.java:202)]
native mode - enabling DefaultWebSessionManager (non-HTTP and HTTP Sessions)

[2020-04-30 09:51:46:792] [INFO ] [method:org.apache.shiro.cache.ehcache.EhCacheManager.getCache(EhCacheManager.java:158)]
Cache with name 'ShiroRealm.authorizationCache' does not yet exist.  Creating now.

[2020-04-30 09:51:46:879] [INFO ] [method:org.apache.shiro.cache.ehcache.EhCacheManager.getCache(EhCacheManager.java:165)]
Added EhCache named [ShiroRealm.authorizationCache]

[2020-04-30 09:51:46:880] [INFO ] [method:org.springframework.context.support.PostProcessorRegistrationDelegate$BeanPostProcessorChecker.postProcessAfterInitialization(PostProcessorRegistrationDelegate.java:330)]
Bean 'securityManager' of type [org.apache.shiro.web.mgt.DefaultWebSecurityManager] is not eligible for getting processed by all BeanPostProcessors (for example: not eligible for auto-proxying)

[2020-04-30 09:51:46:928] [INFO ] [method:org.springframework.context.support.PostProcessorRegistrationDelegate$BeanPostProcessorChecker.postProcessAfterInitialization(PostProcessorRegistrationDelegate.java:330)]
Bean 'org.apache.shiro.spring.security.interceptor.AuthorizationAttributeSourceAdvisor#0' of type [org.apache.shiro.spring.security.interceptor.AuthorizationAttributeSourceAdvisor] is not eligible for getting processed by all BeanPostProcessors (for example: not eligible for auto-proxying)

[2020-04-30 09:51:47:311] [INFO ] [method:org.springframework.scheduling.concurrent.ExecutorConfigurationSupport.initialize(ExecutorConfigurationSupport.java:171)]
Initializing ExecutorService 'defaultSockJsTaskScheduler'

[2020-04-30 09:51:47:919] [INFO ] [method:org.springframework.web.context.ContextLoader.initWebApplicationContext(ContextLoader.java:307)]
Root WebApplicationContext initialized in 5193 ms

[2020-04-30 09:51:48:447] [INFO ] [method:org.springframework.web.servlet.FrameworkServlet.initServletBean(FrameworkServlet.java:525)]
Initializing Servlet 'springMVC'

[2020-04-30 09:51:49:112] [INFO ] [method:org.hibernate.validator.internal.util.Version.<clinit>(Version.java:21)]
HV000001: Hibernate Validator 6.1.2.Final

[2020-04-30 09:51:50:227] [INFO ] [method:org.springframework.web.servlet.FrameworkServlet.initServletBean(FrameworkServlet.java:547)]
Completed initialization in 1778 ms

[2020-04-30 09:51:50:795] [INFO ] [method:org.apache.shiro.session.mgt.AbstractValidatingSessionManager.enableSessionValidation(AbstractValidatingSessionManager.java:233)]
Enabling session validation scheduler...

[2020-04-30 09:51:55:027] [INFO ] [method:com.alibaba.druid.pool.DruidDataSource.init(DruidDataSource.java:1010)]
{dataSource-1} inited

