[2020-04-15 16:48:00:002] [INFO ] [method:com.alibaba.druid.pool.DruidDataSource.init(DruidDataSource.java:1010)]
{dataSource-1} inited

[2020-04-15 16:48:00:585] [INFO ] [method:org.springframework.scheduling.concurrent.ExecutorConfigurationSupport.initialize(ExecutorConfigurationSupport.java:171)]
Initializing ExecutorService 'messageBrokerTaskScheduler'

[2020-04-15 16:48:00:735] [INFO ] [method:org.springframework.scheduling.concurrent.ExecutorConfigurationSupport.initialize(ExecutorConfigurationSupport.java:171)]
Initializing ExecutorService 'brokerChannelExecutor'

[2020-04-15 16:48:01:010] [INFO ] [method:org.springframework.scheduling.concurrent.ExecutorConfigurationSupport.initialize(ExecutorConfigurationSupport.java:171)]
Initializing ExecutorService 'defaultSockJsTaskScheduler'

[2020-04-15 16:48:01:054] [INFO ] [method:org.springframework.core.log.CompositeLog.info(CompositeLog.java:137)]
Starting...

[2020-04-15 16:48:01:054] [INFO ] [method:org.springframework.core.log.CompositeLog.info(CompositeLog.java:137)]
BrokerAvailabilityEvent[available=true, SimpleBrokerMessageHandler [DefaultSubscriptionRegistry[cache[0 destination(s)], registry[0 sessions]]]]

[2020-04-15 16:48:01:058] [INFO ] [method:org.springframework.core.log.CompositeLog.info(CompositeLog.java:137)]
Started.

[2020-04-15 16:48:01:064] [INFO ] [method:org.springframework.web.context.ContextLoader.initWebApplicationContext(ContextLoader.java:307)]
Root WebApplicationContext initialized in 4029 ms

[2020-04-15 16:48:01:449] [INFO ] [method:org.springframework.web.servlet.FrameworkServlet.initServletBean(FrameworkServlet.java:525)]
Initializing Servlet 'springMVC'

[2020-04-15 16:48:01:858] [INFO ] [method:org.hibernate.validator.internal.util.Version.<clinit>(Version.java:21)]
HV000001: Hibernate Validator 6.1.2.Final

[2020-04-15 16:48:02:713] [INFO ] [method:org.springframework.web.servlet.FrameworkServlet.initServletBean(FrameworkServlet.java:547)]
Completed initialization in 1264 ms

