[2020-04-15 16:40:28:612] [INFO ] [method:org.springframework.core.log.CompositeLog.info(CompositeLog.java:137)]
Stopping...

[2020-04-15 16:40:28:616] [INFO ] [method:org.springframework.core.log.CompositeLog.info(CompositeLog.java:137)]
BrokerAvailabilityEvent[available=false, SimpleBrokerMessageHandler [DefaultSubscriptionRegistry[cache[0 destination(s)], registry[0 sessions]]]]

[2020-04-15 16:40:28:616] [INFO ] [method:org.springframework.core.log.CompositeLog.info(CompositeLog.java:137)]
Stopped.

[2020-04-15 16:40:28:617] [INFO ] [method:org.springframework.scheduling.concurrent.ExecutorConfigurationSupport.shutdown(ExecutorConfigurationSupport.java:208)]
Shutting down ExecutorService 'defaultSockJsTaskScheduler'

[2020-04-15 16:40:28:618] [INFO ] [method:org.springframework.scheduling.concurrent.ExecutorConfigurationSupport.shutdown(ExecutorConfigurationSupport.java:208)]
Shutting down ExecutorService 'brokerChannelExecutor'

[2020-04-15 16:40:28:619] [INFO ] [method:org.springframework.scheduling.concurrent.ExecutorConfigurationSupport.shutdown(ExecutorConfigurationSupport.java:208)]
Shutting down ExecutorService 'messageBrokerTaskScheduler'

[2020-04-15 16:40:28:619] [INFO ] [method:org.springframework.scheduling.concurrent.ExecutorConfigurationSupport.shutdown(ExecutorConfigurationSupport.java:208)]
Shutting down ExecutorService 'clientOutboundChannelExecutor'

[2020-04-15 16:40:28:619] [INFO ] [method:org.springframework.scheduling.concurrent.ExecutorConfigurationSupport.shutdown(ExecutorConfigurationSupport.java:208)]
Shutting down ExecutorService 'clientInboundChannelExecutor'

[2020-04-15 16:40:28:620] [INFO ] [method:com.alibaba.druid.pool.DruidDataSource.close(DruidDataSource.java:2003)]
{dataSource-1} closing ...

[2020-04-15 16:40:28:646] [INFO ] [method:com.alibaba.druid.pool.DruidDataSource.close(DruidDataSource.java:2075)]
{dataSource-1} closed

[2020-04-15 16:40:47:317] [INFO ] [method:org.springframework.web.context.ContextLoader.initWebApplicationContext(ContextLoader.java:271)]
Root WebApplicationContext: initialization started

[2020-04-15 16:40:50:310] [INFO ] [method:org.springframework.scheduling.concurrent.ExecutorConfigurationSupport.initialize(ExecutorConfigurationSupport.java:171)]
Initializing ExecutorService 'clientInboundChannelExecutor'

[2020-04-15 16:40:50:342] [INFO ] [method:org.springframework.scheduling.concurrent.ExecutorConfigurationSupport.initialize(ExecutorConfigurationSupport.java:171)]
Initializing ExecutorService 'clientOutboundChannelExecutor'

[2020-04-15 16:40:50:428] [INFO ] [method:com.alibaba.druid.pool.DruidDataSource.init(DruidDataSource.java:1010)]
{dataSource-1} inited

[2020-04-15 16:40:51:140] [INFO ] [method:org.springframework.scheduling.concurrent.ExecutorConfigurationSupport.initialize(ExecutorConfigurationSupport.java:171)]
Initializing ExecutorService 'messageBrokerTaskScheduler'

[2020-04-15 16:40:51:309] [INFO ] [method:org.springframework.scheduling.concurrent.ExecutorConfigurationSupport.initialize(ExecutorConfigurationSupport.java:171)]
Initializing ExecutorService 'brokerChannelExecutor'

[2020-04-15 16:40:51:660] [INFO ] [method:org.springframework.scheduling.concurrent.ExecutorConfigurationSupport.initialize(ExecutorConfigurationSupport.java:171)]
Initializing ExecutorService 'defaultSockJsTaskScheduler'

[2020-04-15 16:40:51:703] [INFO ] [method:org.springframework.core.log.CompositeLog.info(CompositeLog.java:137)]
Starting...

[2020-04-15 16:40:51:703] [INFO ] [method:org.springframework.core.log.CompositeLog.info(CompositeLog.java:137)]
BrokerAvailabilityEvent[available=true, SimpleBrokerMessageHandler [DefaultSubscriptionRegistry[cache[0 destination(s)], registry[0 sessions]]]]

[2020-04-15 16:40:51:707] [INFO ] [method:org.springframework.core.log.CompositeLog.info(CompositeLog.java:137)]
Started.

[2020-04-15 16:40:51:715] [INFO ] [method:org.springframework.web.context.ContextLoader.initWebApplicationContext(ContextLoader.java:307)]
Root WebApplicationContext initialized in 4394 ms

[2020-04-15 16:40:52:113] [INFO ] [method:org.springframework.web.servlet.FrameworkServlet.initServletBean(FrameworkServlet.java:525)]
Initializing Servlet 'springMVC'

[2020-04-15 16:40:52:537] [INFO ] [method:org.hibernate.validator.internal.util.Version.<clinit>(Version.java:21)]
HV000001: Hibernate Validator 6.1.2.Final

[2020-04-15 16:40:53:472] [INFO ] [method:org.springframework.web.servlet.FrameworkServlet.initServletBean(FrameworkServlet.java:547)]
Completed initialization in 1358 ms

