[2020-04-09 11:05:34:485] [INFO ] [method:org.springframework.web.context.ContextLoader.initWebApplicationContext(ContextLoader.java:271)]
Root WebApplicationContext: initialization started

[2020-04-09 11:05:35:921] [INFO ] [method:com.mchange.v2.log.slf4j.Slf4jMLog$Slf4jMLogger$InfoLogger.log(Slf4jMLog.java:212)]
MLog clients using slf4j logging.

[2020-04-09 11:05:36:039] [INFO ] [method:com.mchange.v2.log.slf4j.Slf4jMLog$Slf4jMLogger$InfoLogger.log(Slf4jMLog.java:212)]
Initializing c3p0-0.9.5.5 [built 11-December-2019 22:18:33 -0800; debug? true; trace: 10]

[2020-04-09 11:05:37:668] [INFO ] [method:org.springframework.web.context.ContextLoader.initWebApplicationContext(ContextLoader.java:307)]
Root WebApplicationContext initialized in 3175 ms

[2020-04-09 11:05:38:540] [INFO ] [method:org.springframework.web.servlet.FrameworkServlet.initServletBean(FrameworkServlet.java:525)]
Initializing Servlet 'springMVC'

[2020-04-09 11:05:39:258] [INFO ] [method:org.hibernate.validator.internal.util.Version.<clinit>(Version.java:21)]
HV000001: Hibernate Validator 6.1.2.Final

[2020-04-09 11:05:40:349] [INFO ] [method:org.springframework.web.servlet.FrameworkServlet.initServletBean(FrameworkServlet.java:547)]
Completed initialization in 1809 ms

[2020-04-09 11:05:47:383] [INFO ] [method:com.mchange.v2.log.slf4j.Slf4jMLog$Slf4jMLogger$InfoLogger.log(Slf4jMLog.java:212)]
Initializing c3p0 pool... com.mchange.v2.c3p0.ComboPooledDataSource [ acquireIncrement -> 3, acquireRetryAttempts -> 30, acquireRetryDelay -> 1000, autoCommitOnClose -> false, automaticTestTable -> null, breakAfterAcquireFailure -> false, checkoutTimeout -> 0, connectionCustomizerClassName -> null, connectionTesterClassName -> com.mchange.v2.c3p0.impl.DefaultConnectionTester, contextClassLoaderSource -> caller, dataSourceName -> 1hgery9a9pryadqvazjhu|443a693f, debugUnreturnedConnectionStackTraces -> false, description -> null, driverClass -> com.mysql.cj.jdbc.Driver, extensions -> {}, factoryClassLocation -> null, forceIgnoreUnresolvedTransactions -> false, forceSynchronousCheckins -> false, forceUseNamedDriverClass -> false, identityToken -> 1hgery9a9pryadqvazjhu|443a693f, idleConnectionTestPeriod -> 0, initialPoolSize -> 3, jdbcUrl -> jdbc:mysql://localhost:3306/box?useSSL=false&allowPublicKeyRetrieval=true, maxAdministrativeTaskTime -> 0, maxConnectionAge -> 0, maxIdleTime -> 0, maxIdleTimeExcessConnections -> 0, maxPoolSize -> 15, maxStatements -> 0, maxStatementsPerConnection -> 0, minPoolSize -> 3, numHelperThreads -> 3, preferredTestQuery -> null, privilegeSpawnedThreads -> false, properties -> {password=******, user=******}, propertyCycle -> 0, statementCacheNumDeferredCloseThreads -> 0, testConnectionOnCheckin -> false, testConnectionOnCheckout -> false, unreturnedConnectionTimeout -> 0, userOverrides -> {}, usesTraditionalReflectiveProxies -> false ]

[2020-04-09 11:07:06:383] [INFO ] [method:org.springframework.web.context.ContextLoader.initWebApplicationContext(ContextLoader.java:271)]
Root WebApplicationContext: initialization started

[2020-04-09 11:07:07:752] [INFO ] [method:com.mchange.v2.log.slf4j.Slf4jMLog$Slf4jMLogger$InfoLogger.log(Slf4jMLog.java:212)]
MLog clients using slf4j logging.

[2020-04-09 11:07:07:857] [INFO ] [method:com.mchange.v2.log.slf4j.Slf4jMLog$Slf4jMLogger$InfoLogger.log(Slf4jMLog.java:212)]
Initializing c3p0-0.9.5.5 [built 11-December-2019 22:18:33 -0800; debug? true; trace: 10]

[2020-04-09 11:07:07:859] [WARN ] [method:com.mchange.v2.log.slf4j.Slf4jMLog$Slf4jMLogger$WarnLogger.log(Slf4jMLog.java:220)]
A C3P0Registry mbean is already registered. This probably means that an application using c3p0 was undeployed, but not all PooledDataSources were closed prior to undeployment. This may lead to resource leaks over time. Please take care to close all PooledDataSources.

[2020-04-09 11:07:09:516] [INFO ] [method:org.springframework.web.context.ContextLoader.initWebApplicationContext(ContextLoader.java:307)]
Root WebApplicationContext initialized in 3129 ms

[2020-04-09 11:07:10:043] [INFO ] [method:org.springframework.web.servlet.FrameworkServlet.initServletBean(FrameworkServlet.java:525)]
Initializing Servlet 'springMVC'

[2020-04-09 11:07:10:667] [INFO ] [method:org.hibernate.validator.internal.util.Version.<clinit>(Version.java:21)]
HV000001: Hibernate Validator 6.1.2.Final

[2020-04-09 11:07:11:606] [INFO ] [method:org.springframework.web.servlet.FrameworkServlet.initServletBean(FrameworkServlet.java:547)]
Completed initialization in 1563 ms

[2020-04-09 11:07:16:801] [INFO ] [method:com.mchange.v2.log.slf4j.Slf4jMLog$Slf4jMLogger$InfoLogger.log(Slf4jMLog.java:212)]
Initializing c3p0 pool... com.mchange.v2.c3p0.ComboPooledDataSource [ acquireIncrement -> 3, acquireRetryAttempts -> 30, acquireRetryDelay -> 1000, autoCommitOnClose -> false, automaticTestTable -> null, breakAfterAcquireFailure -> false, checkoutTimeout -> 0, connectionCustomizerClassName -> null, connectionTesterClassName -> com.mchange.v2.c3p0.impl.DefaultConnectionTester, contextClassLoaderSource -> caller, dataSourceName -> 1hgery9a9ps0988fg3t0e|191ea616, debugUnreturnedConnectionStackTraces -> false, description -> null, driverClass -> com.mysql.cj.jdbc.Driver, extensions -> {}, factoryClassLocation -> null, forceIgnoreUnresolvedTransactions -> false, forceSynchronousCheckins -> false, forceUseNamedDriverClass -> false, identityToken -> 1hgery9a9ps0988fg3t0e|191ea616, idleConnectionTestPeriod -> 0, initialPoolSize -> 3, jdbcUrl -> jdbc:mysql://localhost:3306/box?useSSL=false&allowPublicKeyRetrieval=true, maxAdministrativeTaskTime -> 0, maxConnectionAge -> 0, maxIdleTime -> 0, maxIdleTimeExcessConnections -> 0, maxPoolSize -> 15, maxStatements -> 0, maxStatementsPerConnection -> 0, minPoolSize -> 3, numHelperThreads -> 3, preferredTestQuery -> null, privilegeSpawnedThreads -> false, properties -> {password=******, user=******}, propertyCycle -> 0, statementCacheNumDeferredCloseThreads -> 0, testConnectionOnCheckin -> false, testConnectionOnCheckout -> false, unreturnedConnectionTimeout -> 0, userOverrides -> {}, usesTraditionalReflectiveProxies -> false ]

