[2020-04-12 16:17:15:067] [INFO ] [method:org.springframework.core.log.CompositeLog.info(CompositeLog.java:137)]
Stopping...

[2020-04-12 16:17:15:070] [INFO ] [method:org.springframework.core.log.CompositeLog.info(CompositeLog.java:137)]
BrokerAvailabilityEvent[available=false, SimpleBrokerMessageHandler [DefaultSubscriptionRegistry[cache[0 destination(s)], registry[0 sessions]]]]

[2020-04-12 16:17:15:071] [INFO ] [method:org.springframework.core.log.CompositeLog.info(CompositeLog.java:137)]
Stopped.

[2020-04-12 16:17:15:072] [INFO ] [method:org.springframework.scheduling.concurrent.ExecutorConfigurationSupport.shutdown(ExecutorConfigurationSupport.java:208)]
Shutting down ExecutorService 'brokerChannelExecutor'

[2020-04-12 16:17:15:072] [INFO ] [method:org.springframework.scheduling.concurrent.ExecutorConfigurationSupport.shutdown(ExecutorConfigurationSupport.java:208)]
Shutting down ExecutorService 'messageBrokerTaskScheduler'

[2020-04-12 16:17:15:073] [INFO ] [method:org.springframework.scheduling.concurrent.ExecutorConfigurationSupport.shutdown(ExecutorConfigurationSupport.java:208)]
Shutting down ExecutorService 'clientOutboundChannelExecutor'

[2020-04-12 16:17:15:073] [INFO ] [method:org.springframework.scheduling.concurrent.ExecutorConfigurationSupport.shutdown(ExecutorConfigurationSupport.java:208)]
Shutting down ExecutorService 'clientInboundChannelExecutor'

[2020-04-12 16:17:34:159] [INFO ] [method:org.springframework.web.context.ContextLoader.initWebApplicationContext(ContextLoader.java:271)]
Root WebApplicationContext: initialization started

[2020-04-12 16:17:35:940] [INFO ] [method:com.mchange.v2.log.slf4j.Slf4jMLog$Slf4jMLogger$InfoLogger.log(Slf4jMLog.java:212)]
MLog clients using slf4j logging.

[2020-04-12 16:17:36:061] [INFO ] [method:com.mchange.v2.log.slf4j.Slf4jMLog$Slf4jMLogger$InfoLogger.log(Slf4jMLog.java:212)]
Initializing c3p0-0.9.5.5 [built 11-December-2019 22:18:33 -0800; debug? true; trace: 10]

[2020-04-12 16:17:37:763] [INFO ] [method:org.springframework.scheduling.concurrent.ExecutorConfigurationSupport.initialize(ExecutorConfigurationSupport.java:171)]
Initializing ExecutorService 'clientInboundChannelExecutor'

[2020-04-12 16:17:37:782] [INFO ] [method:org.springframework.scheduling.concurrent.ExecutorConfigurationSupport.initialize(ExecutorConfigurationSupport.java:171)]
Initializing ExecutorService 'clientOutboundChannelExecutor'

[2020-04-12 16:17:38:290] [INFO ] [method:org.springframework.scheduling.concurrent.ExecutorConfigurationSupport.initialize(ExecutorConfigurationSupport.java:171)]
Initializing ExecutorService 'messageBrokerTaskScheduler'

[2020-04-12 16:17:38:424] [INFO ] [method:org.springframework.scheduling.concurrent.ExecutorConfigurationSupport.initialize(ExecutorConfigurationSupport.java:171)]
Initializing ExecutorService 'brokerChannelExecutor'

[2020-04-12 16:17:38:722] [INFO ] [method:org.springframework.core.log.CompositeLog.info(CompositeLog.java:137)]
Starting...

[2020-04-12 16:17:38:722] [INFO ] [method:org.springframework.core.log.CompositeLog.info(CompositeLog.java:137)]
BrokerAvailabilityEvent[available=true, SimpleBrokerMessageHandler [DefaultSubscriptionRegistry[cache[0 destination(s)], registry[0 sessions]]]]

[2020-04-12 16:17:38:726] [INFO ] [method:org.springframework.core.log.CompositeLog.info(CompositeLog.java:137)]
Started.

[2020-04-12 16:17:38:734] [INFO ] [method:org.springframework.web.context.ContextLoader.initWebApplicationContext(ContextLoader.java:307)]
Root WebApplicationContext initialized in 4571 ms

[2020-04-12 16:17:39:205] [INFO ] [method:org.springframework.web.servlet.FrameworkServlet.initServletBean(FrameworkServlet.java:525)]
Initializing Servlet 'springMVC'

[2020-04-12 16:17:39:793] [INFO ] [method:org.hibernate.validator.internal.util.Version.<clinit>(Version.java:21)]
HV000001: Hibernate Validator 6.1.2.Final

[2020-04-12 16:17:41:004] [INFO ] [method:org.springframework.web.servlet.FrameworkServlet.initServletBean(FrameworkServlet.java:547)]
Completed initialization in 1799 ms

[2020-04-12 16:17:46:578] [INFO ] [method:com.mchange.v2.log.slf4j.Slf4jMLog$Slf4jMLogger$InfoLogger.log(Slf4jMLog.java:212)]
Initializing c3p0 pool... com.mchange.v2.c3p0.ComboPooledDataSource [ acquireIncrement -> 3, acquireRetryAttempts -> 30, acquireRetryDelay -> 1000, autoCommitOnClose -> false, automaticTestTable -> null, breakAfterAcquireFailure -> false, checkoutTimeout -> 0, connectionCustomizerClassName -> null, connectionTesterClassName -> com.mchange.v2.c3p0.impl.DefaultConnectionTester, contextClassLoaderSource -> caller, dataSourceName -> 1hgery9a9udf2u72u1cea|5d6b963, debugUnreturnedConnectionStackTraces -> false, description -> null, driverClass -> com.mysql.cj.jdbc.Driver, extensions -> {}, factoryClassLocation -> null, forceIgnoreUnresolvedTransactions -> false, forceSynchronousCheckins -> false, forceUseNamedDriverClass -> false, identityToken -> 1hgery9a9udf2u72u1cea|5d6b963, idleConnectionTestPeriod -> 0, initialPoolSize -> 3, jdbcUrl -> jdbc:mysql://localhost:3306/box?useSSL=false&allowPublicKeyRetrieval=true, maxAdministrativeTaskTime -> 0, maxConnectionAge -> 0, maxIdleTime -> 0, maxIdleTimeExcessConnections -> 0, maxPoolSize -> 15, maxStatements -> 0, maxStatementsPerConnection -> 0, minPoolSize -> 3, numHelperThreads -> 3, preferredTestQuery -> null, privilegeSpawnedThreads -> false, properties -> {password=******, user=******}, propertyCycle -> 0, statementCacheNumDeferredCloseThreads -> 0, testConnectionOnCheckin -> false, testConnectionOnCheckout -> false, unreturnedConnectionTimeout -> 0, userOverrides -> {}, usesTraditionalReflectiveProxies -> false ]

[2020-04-12 16:17:49:609] [INFO ] [method:com.zx.controller.ChatController.loginIntoChatRoom(ChatController.java:65)]
Sun Apr 12 16:17:49 HKT 2020, 123456 login.

[2020-04-12 16:17:55:798] [WARN ] [method:org.springframework.web.servlet.handler.AbstractHandlerExceptionResolver.logException(AbstractHandlerExceptionResolver.java:199)]
Resolved [org.springframework.web.bind.MissingServletRequestParameterException: Required Integer parameter 'userId' is not present]

