[2020-04-18 12:21:27:519] [INFO ] [method:org.springframework.scheduling.concurrent.ExecutorConfigurationSupport.shutdown(ExecutorConfigurationSupport.java:208)]
Shutting down ExecutorService 'defaultSockJsTaskScheduler'

[2020-04-18 12:21:27:522] [INFO ] [method:com.alibaba.druid.pool.DruidDataSource.close(DruidDataSource.java:2003)]
{dataSource-1} closing ...

[2020-04-18 12:21:27:539] [INFO ] [method:com.alibaba.druid.pool.DruidDataSource.close(DruidDataSource.java:2075)]
{dataSource-1} closed

[2020-04-18 12:21:32:144] [INFO ] [method:org.springframework.web.context.ContextLoader.initWebApplicationContext(ContextLoader.java:271)]
Root WebApplicationContext: initialization started

[2020-04-18 12:21:34:846] [INFO ] [method:org.springframework.scheduling.concurrent.ExecutorConfigurationSupport.initialize(ExecutorConfigurationSupport.java:171)]
Initializing ExecutorService 'defaultSockJsTaskScheduler'

[2020-04-18 12:21:35:362] [INFO ] [method:org.springframework.web.context.ContextLoader.initWebApplicationContext(ContextLoader.java:307)]
Root WebApplicationContext initialized in 3215 ms

[2020-04-18 12:21:35:470] [INFO ] [method:org.springframework.web.servlet.FrameworkServlet.initServletBean(FrameworkServlet.java:525)]
Initializing Servlet 'springMVC'

[2020-04-18 12:21:36:056] [INFO ] [method:org.hibernate.validator.internal.util.Version.<clinit>(Version.java:21)]
HV000001: Hibernate Validator 6.1.2.Final

[2020-04-18 12:21:36:992] [INFO ] [method:org.springframework.web.servlet.FrameworkServlet.initServletBean(FrameworkServlet.java:547)]
Completed initialization in 1522 ms

[2020-04-18 12:21:45:532] [INFO ] [method:com.alibaba.druid.pool.DruidDataSource.init(DruidDataSource.java:1010)]
{dataSource-1} inited

[2020-04-18 12:22:00:603] [WARN ] [method:org.springframework.web.servlet.handler.AbstractHandlerExceptionResolver.logException(AbstractHandlerExceptionResolver.java:199)]
Resolved [org.springframework.web.HttpRequestMethodNotSupportedException: Request method 'GET' not supported]

[2020-04-18 12:33:21:139] [INFO ] [method:org.springframework.scheduling.concurrent.ExecutorConfigurationSupport.shutdown(ExecutorConfigurationSupport.java:208)]
Shutting down ExecutorService 'defaultSockJsTaskScheduler'

[2020-04-18 12:33:21:142] [INFO ] [method:com.alibaba.druid.pool.DruidDataSource.close(DruidDataSource.java:2003)]
{dataSource-1} closing ...

[2020-04-18 12:33:21:151] [INFO ] [method:com.alibaba.druid.pool.DruidDataSource.close(DruidDataSource.java:2075)]
{dataSource-1} closed

[2020-04-18 12:33:49:432] [INFO ] [method:org.springframework.web.context.ContextLoader.initWebApplicationContext(ContextLoader.java:271)]
Root WebApplicationContext: initialization started

[2020-04-18 12:33:52:537] [INFO ] [method:org.springframework.scheduling.concurrent.ExecutorConfigurationSupport.initialize(ExecutorConfigurationSupport.java:171)]
Initializing ExecutorService 'defaultSockJsTaskScheduler'

[2020-04-18 12:33:53:093] [INFO ] [method:org.springframework.web.context.ContextLoader.initWebApplicationContext(ContextLoader.java:307)]
Root WebApplicationContext initialized in 3657 ms

[2020-04-18 12:33:53:581] [INFO ] [method:org.springframework.web.servlet.FrameworkServlet.initServletBean(FrameworkServlet.java:525)]
Initializing Servlet 'springMVC'

[2020-04-18 12:33:54:211] [INFO ] [method:org.hibernate.validator.internal.util.Version.<clinit>(Version.java:21)]
HV000001: Hibernate Validator 6.1.2.Final

[2020-04-18 12:33:55:335] [INFO ] [method:org.springframework.web.servlet.FrameworkServlet.initServletBean(FrameworkServlet.java:547)]
Completed initialization in 1753 ms

[2020-04-18 12:33:58:457] [INFO ] [method:com.alibaba.druid.pool.DruidDataSource.init(DruidDataSource.java:1010)]
{dataSource-1} inited

